Using pre-set license

 COMMAND LINE ARGUMENTS:
/Applications/Unity/Hub/Editor/2020.2.1f1/Unity.app/Contents/MacOS/Unity
-adb2
-batchMode
-noUpm
-name
AssetImportWorker0
-projectPath
/Users/user/Desktop/openAPI_For_unity_Model_Generater
-logFile
Logs/AssetImportWorker0.log
-srvPort
52935
Successfully changed project path to: /Users/user/Desktop/openAPI_For_unity_Model_Generater
/Users/user/Desktop/openAPI_For_unity_Model_Generater
Using Asset Import Pipeline V2.
Refreshing native plugins compatible for Editor in 59.05 ms, found 1 plugins.
Preloading 0 native plugins for Editor in 0.00 ms.
Initialize engine version: 2020.2.1f1 (270dd8c3da1c)
[Subsystems] Discovering subsystems at path /Applications/Unity/Hub/Editor/2020.2.1f1/Unity.app/Contents/Resources/UnitySubsystems
[Subsystems] Discovering subsystems at path /Users/user/Desktop/openAPI_For_unity_Model_Generater/Assets
GfxDevice: creating device client; threaded=0
2021-03-24 15:15:59.782 Unity[5209:92349] Color LCD preferred device: Intel(R) Iris(TM) Graphics 6000 (low power)
2021-03-24 15:15:59.782 Unity[5209:92349] Metal devices available: 1
2021-03-24 15:15:59.782 Unity[5209:92349] 0: Intel(R) Iris(TM) Graphics 6000 (low power)
2021-03-24 15:15:59.783 Unity[5209:92349] Using device Intel(R) Iris(TM) Graphics 6000 (low power)
Initializing Metal device caps: Intel(R) Iris(TM) Graphics 6000
Initialize mono
Mono path[0] = '/Applications/Unity/Hub/Editor/2020.2.1f1/Unity.app/Contents/Managed'
Mono path[1] = '/Applications/Unity/Hub/Editor/2020.2.1f1/Unity.app/Contents/MonoBleedingEdge/lib/mono/unityjit'
Mono config path = '/Applications/Unity/Hub/Editor/2020.2.1f1/Unity.app/Contents/MonoBleedingEdge/etc'
Using monoOptions --debugger-agent=transport=dt_socket,embedding=1,server=y,suspend=n,address=127.0.0.1:56209
Begin MonoManager ReloadAssembly
Registering precompiled unity dll's ...
Register platform support module: /Applications/Unity/Hub/Editor/2020.2.1f1/Unity.app/Contents/PlaybackEngines/MacStandaloneSupport/UnityEditor.OSXStandalone.Extensions.dll
Registered in 0.002338 seconds.
Native extension for OSXStandalone target not found
Refreshing native plugins compatible for Editor in 33.99 ms, found 1 plugins.
Preloading 0 native plugins for Editor in 0.00 ms.
Invoked RoslynAnalysisRunner static constructor.
RoslynAnalysisRunner will not be running.
RoslynAnalysisRunner has terminated.
Mono: successfully reloaded assembly
- Completed reload, in  7.552 seconds
Platform modules already initialized, skipping
Registering precompiled user dll's ...
Registered in 0.001251 seconds.
Begin MonoManager ReloadAssembly
Native extension for OSXStandalone target not found
Refreshing native plugins compatible for Editor in 0.27 ms, found 1 plugins.
Preloading 0 native plugins for Editor in 0.00 ms.
Invoked RoslynAnalysisRunner static constructor.
RoslynAnalysisRunner will not be running.
RoslynAnalysisRunner has terminated.
Mono: successfully reloaded assembly
- Completed reload, in  2.729 seconds
Platform modules already initialized, skipping
========================================================================
Worker process is ready to serve import requests
Launching external process: /Applications/Unity/Hub/Editor/2020.2.1f1/Unity.app/Contents/Tools/UnityShaderCompiler
Launched and connected shader compiler UnityShaderCompiler after 0.07 seconds
Refreshing native plugins compatible for Editor in 0.41 ms, found 1 plugins.
Preloading 0 native plugins for Editor in 0.00 ms.
Unloading 1094 Unused Serialized files (Serialized files now loaded: 0)
System memory in use before: 109.1 MB.
System memory in use after: 109.1 MB.

Unloading 10 unused Assets to reduce memory usage. Loaded Objects now: 1533.
Total: 4.919535 ms (FindLiveObjects: 0.301682 ms CreateObjectMapping: 0.067505 ms MarkObjects: 4.412736 ms  DeleteObjects: 0.135137 ms)

========================================================================
Received Import Request.
  path: Assets/MiniJson
  artifactKey: Guid(367ed691147694200ab022ab538ced0a) Importer(815301076,1909f56bfc062723c751e8b465ee728b)
Start importing Assets/MiniJson using Guid(367ed691147694200ab022ab538ced0a) Importer(815301076,1909f56bfc062723c751e8b465ee728b)  -> (artifact id: '5782767af4d1e7c9528276b3b0ca8b0a') in 0.007524 seconds
  Import took 0.011319 seconds .

========================================================================
Received Prepare
Registering precompiled user dll's ...
Registered in 0.000615 seconds.
Begin MonoManager ReloadAssembly
Native extension for OSXStandalone target not found
Refreshing native plugins compatible for Editor in 0.29 ms, found 1 plugins.
Preloading 0 native plugins for Editor in 0.00 ms.
Invoked RoslynAnalysisRunner static constructor.
RoslynAnalysisRunner will not be running.
RoslynAnalysisRunner has terminated.
Mono: successfully reloaded assembly
- Completed reload, in  1.617 seconds
Platform modules already initialized, skipping
Refreshing native plugins compatible for Editor in 0.29 ms, found 1 plugins.
Preloading 0 native plugins for Editor in 0.00 ms.
Unloading 1090 Unused Serialized files (Serialized files now loaded: 0)
System memory in use before: 109.5 MB.
System memory in use after: 109.5 MB.

Unloading 5 unused Assets to reduce memory usage. Loaded Objects now: 1536.
Total: 2.897616 ms (FindLiveObjects: 0.528467 ms CreateObjectMapping: 0.080500 ms MarkObjects: 2.184222 ms  DeleteObjects: 0.100216 ms)

========================================================================
Received Import Request.
  Time since last request: 68.010516 seconds.
  path: Assets/MiniJson/MiniJSON.cs
  artifactKey: Guid(6fbc86363011e41269272dc10ffdef11) Importer(815301076,1909f56bfc062723c751e8b465ee728b)
Start importing Assets/MiniJson/MiniJSON.cs using Guid(6fbc86363011e41269272dc10ffdef11) Importer(815301076,1909f56bfc062723c751e8b465ee728b)  -> (artifact id: '6ac030c17100531c0ee290e63248848f') in 0.685408 seconds
  Import took 0.688883 seconds .

========================================================================
Received Import Request.
  Time since last request: 32.267170 seconds.
  path: Assets/target_json
  artifactKey: Guid(3cad7e7a1f2914eb8a56a82e540e3317) Importer(815301076,1909f56bfc062723c751e8b465ee728b)
Start importing Assets/target_json using Guid(3cad7e7a1f2914eb8a56a82e540e3317) Importer(815301076,1909f56bfc062723c751e8b465ee728b)  -> (artifact id: '5268de151be38680f26c98dbd6569155') in 0.005102 seconds
  Import took 0.010032 seconds .

========================================================================
Received Import Request.
  Time since last request: 46.323070 seconds.
  path: Assets/target_json/openapi.json
  artifactKey: Guid(7ff4f97478bbd42cdbd61708009b3289) Importer(815301076,1909f56bfc062723c751e8b465ee728b)
Start importing Assets/target_json/openapi.json using Guid(7ff4f97478bbd42cdbd61708009b3289) Importer(815301076,1909f56bfc062723c751e8b465ee728b)  -> (artifact id: 'ec636af501da23c82df0480a28991b28') in 3.118031 seconds
  Import took 3.137730 seconds .

========================================================================
Received Import Request.
  Time since last request: 14.226325 seconds.
  path: Assets/Scripts
  artifactKey: Guid(73ab0d28873c0443eafe031ec06ecadd) Importer(815301076,1909f56bfc062723c751e8b465ee728b)
Start importing Assets/Scripts using Guid(73ab0d28873c0443eafe031ec06ecadd) Importer(815301076,1909f56bfc062723c751e8b465ee728b)  -> (artifact id: '102b78dfa700f14795866d805a4e52bf') in 0.004260 seconds
  Import took 0.009639 seconds .

========================================================================
Received Import Request.
  Time since last request: 13.137418 seconds.
  path: Assets/Scripts/opneApiLoader.cs
  artifactKey: Guid(82c5322e23f5b404b817af11cb2855ef) Importer(815301076,1909f56bfc062723c751e8b465ee728b)
Start importing Assets/Scripts/opneApiLoader.cs using Guid(82c5322e23f5b404b817af11cb2855ef) Importer(815301076,1909f56bfc062723c751e8b465ee728b)  -> (artifact id: '298d219e7087aaf359109806cc5d3762') in 0.027167 seconds
  Import took 0.033588 seconds .

========================================================================
Received Prepare
Registering precompiled user dll's ...
Registered in 0.000529 seconds.
Begin MonoManager ReloadAssembly
Native extension for OSXStandalone target not found
Refreshing native plugins compatible for Editor in 0.26 ms, found 1 plugins.
Preloading 0 native plugins for Editor in 0.00 ms.
Invoked RoslynAnalysisRunner static constructor.
RoslynAnalysisRunner will not be running.
RoslynAnalysisRunner has terminated.
Mono: successfully reloaded assembly
- Completed reload, in  1.685 seconds
Platform modules already initialized, skipping
Refreshing native plugins compatible for Editor in 0.26 ms, found 1 plugins.
Preloading 0 native plugins for Editor in 0.00 ms.
Unloading 1091 Unused Serialized files (Serialized files now loaded: 0)
System memory in use before: 118.5 MB.
System memory in use after: 118.6 MB.

Unloading 5 unused Assets to reduce memory usage. Loaded Objects now: 1539.
Total: 3.970111 ms (FindLiveObjects: 0.396252 ms CreateObjectMapping: 0.063545 ms MarkObjects: 3.382366 ms  DeleteObjects: 0.125445 ms)

========================================================================
Received Prepare
Registering precompiled user dll's ...
Registered in 0.000869 seconds.
Begin MonoManager ReloadAssembly
Native extension for OSXStandalone target not found
Refreshing native plugins compatible for Editor in 0.25 ms, found 1 plugins.
Preloading 0 native plugins for Editor in 0.00 ms.
Invoked RoslynAnalysisRunner static constructor.
RoslynAnalysisRunner will not be running.
RoslynAnalysisRunner has terminated.
Mono: successfully reloaded assembly
- Completed reload, in  1.888 seconds
Platform modules already initialized, skipping
Refreshing native plugins compatible for Editor in 0.25 ms, found 1 plugins.
Preloading 0 native plugins for Editor in 0.00 ms.
Unloading 1091 Unused Serialized files (Serialized files now loaded: 0)
System memory in use before: 118.9 MB.
System memory in use after: 118.9 MB.

Unloading 5 unused Assets to reduce memory usage. Loaded Objects now: 1541.
Total: 4.564888 ms (FindLiveObjects: 0.529948 ms CreateObjectMapping: 0.074868 ms MarkObjects: 3.839155 ms  DeleteObjects: 0.116730 ms)

========================================================================
Received Prepare
Registering precompiled user dll's ...
Registered in 0.001774 seconds.
Begin MonoManager ReloadAssembly
Native extension for OSXStandalone target not found
Refreshing native plugins compatible for Editor in 0.33 ms, found 1 plugins.
Preloading 0 native plugins for Editor in 0.00 ms.
Invoked RoslynAnalysisRunner static constructor.
RoslynAnalysisRunner will not be running.
RoslynAnalysisRunner has terminated.
Mono: successfully reloaded assembly
- Completed reload, in  1.714 seconds
Platform modules already initialized, skipping
Refreshing native plugins compatible for Editor in 1.02 ms, found 1 plugins.
Preloading 0 native plugins for Editor in 0.00 ms.
Unloading 1091 Unused Serialized files (Serialized files now loaded: 0)
System memory in use before: 119.1 MB.
System memory in use after: 119.2 MB.

Unloading 5 unused Assets to reduce memory usage. Loaded Objects now: 1543.
Total: 6.019980 ms (FindLiveObjects: 3.233050 ms CreateObjectMapping: 0.190430 ms MarkObjects: 2.519841 ms  DeleteObjects: 0.073778 ms)

========================================================================
Received Prepare
Registering precompiled user dll's ...
Registered in 0.000527 seconds.
Begin MonoManager ReloadAssembly
Native extension for OSXStandalone target not found
Refreshing native plugins compatible for Editor in 0.57 ms, found 1 plugins.
Preloading 0 native plugins for Editor in 0.00 ms.
Invoked RoslynAnalysisRunner static constructor.
RoslynAnalysisRunner will not be running.
RoslynAnalysisRunner has terminated.
Mono: successfully reloaded assembly
- Completed reload, in  1.555 seconds
Platform modules already initialized, skipping
Refreshing native plugins compatible for Editor in 0.44 ms, found 1 plugins.
Preloading 0 native plugins for Editor in 0.00 ms.
Unloading 1091 Unused Serialized files (Serialized files now loaded: 0)
System memory in use before: 119.4 MB.
System memory in use after: 119.5 MB.

Unloading 5 unused Assets to reduce memory usage. Loaded Objects now: 1545.
Total: 2.936374 ms (FindLiveObjects: 0.279177 ms CreateObjectMapping: 0.090645 ms MarkObjects: 2.496086 ms  DeleteObjects: 0.068194 ms)

========================================================================
Received Prepare
Registering precompiled user dll's ...
Registered in 0.001244 seconds.
Begin MonoManager ReloadAssembly
Native extension for OSXStandalone target not found
Refreshing native plugins compatible for Editor in 0.26 ms, found 1 plugins.
Preloading 0 native plugins for Editor in 0.00 ms.
Invoked RoslynAnalysisRunner static constructor.
RoslynAnalysisRunner will not be running.
RoslynAnalysisRunner has terminated.
Mono: successfully reloaded assembly
- Completed reload, in  1.782 seconds
Platform modules already initialized, skipping
Refreshing native plugins compatible for Editor in 0.25 ms, found 1 plugins.
Preloading 0 native plugins for Editor in 0.00 ms.
Unloading 1091 Unused Serialized files (Serialized files now loaded: 0)
System memory in use before: 119.7 MB.
System memory in use after: 119.8 MB.

Unloading 5 unused Assets to reduce memory usage. Loaded Objects now: 1547.
Total: 3.371789 ms (FindLiveObjects: 0.305168 ms CreateObjectMapping: 0.057492 ms MarkObjects: 2.924682 ms  DeleteObjects: 0.081701 ms)

========================================================================
Received Prepare
Registering precompiled user dll's ...
Registered in 0.000727 seconds.
Begin MonoManager ReloadAssembly
Native extension for OSXStandalone target not found
Refreshing native plugins compatible for Editor in 0.26 ms, found 1 plugins.
Preloading 0 native plugins for Editor in 0.00 ms.
Invoked RoslynAnalysisRunner static constructor.
RoslynAnalysisRunner will not be running.
RoslynAnalysisRunner has terminated.
Mono: successfully reloaded assembly
- Completed reload, in  2.732 seconds
Platform modules already initialized, skipping
Refreshing native plugins compatible for Editor in 0.75 ms, found 1 plugins.
Preloading 0 native plugins for Editor in 0.00 ms.
Unloading 1091 Unused Serialized files (Serialized files now loaded: 0)
System memory in use before: 120.0 MB.
System memory in use after: 120.1 MB.

Unloading 5 unused Assets to reduce memory usage. Loaded Objects now: 1549.
Total: 3.222125 ms (FindLiveObjects: 0.509172 ms CreateObjectMapping: 0.069475 ms MarkObjects: 2.515039 ms  DeleteObjects: 0.126066 ms)

========================================================================
Received Prepare
Registering precompiled user dll's ...
Registered in 0.000564 seconds.
Begin MonoManager ReloadAssembly
Native extension for OSXStandalone target not found
Refreshing native plugins compatible for Editor in 0.49 ms, found 1 plugins.
Preloading 0 native plugins for Editor in 0.00 ms.
Invoked RoslynAnalysisRunner static constructor.
RoslynAnalysisRunner will not be running.
RoslynAnalysisRunner has terminated.
Mono: successfully reloaded assembly
- Completed reload, in  2.158 seconds
Platform modules already initialized, skipping
Refreshing native plugins compatible for Editor in 0.24 ms, found 1 plugins.
Preloading 0 native plugins for Editor in 0.00 ms.
Unloading 1091 Unused Serialized files (Serialized files now loaded: 0)
System memory in use before: 120.2 MB.
System memory in use after: 120.2 MB.

Unloading 5 unused Assets to reduce memory usage. Loaded Objects now: 1551.
Total: 3.453297 ms (FindLiveObjects: 0.457925 ms CreateObjectMapping: 0.129525 ms MarkObjects: 2.796431 ms  DeleteObjects: 0.066814 ms)

========================================================================
Received Prepare
Registering precompiled user dll's ...
Registered in 0.000669 seconds.
Begin MonoManager ReloadAssembly
Native extension for OSXStandalone target not found
Refreshing native plugins compatible for Editor in 0.28 ms, found 1 plugins.
Preloading 0 native plugins for Editor in 0.00 ms.
Invoked RoslynAnalysisRunner static constructor.
RoslynAnalysisRunner will not be running.
RoslynAnalysisRunner has terminated.
Mono: successfully reloaded assembly
- Completed reload, in  1.898 seconds
Platform modules already initialized, skipping
Refreshing native plugins compatible for Editor in 0.26 ms, found 1 plugins.
Preloading 0 native plugins for Editor in 0.00 ms.
Unloading 1091 Unused Serialized files (Serialized files now loaded: 0)
System memory in use before: 120.6 MB.
System memory in use after: 120.7 MB.

Unloading 5 unused Assets to reduce memory usage. Loaded Objects now: 1553.
Total: 2.323183 ms (FindLiveObjects: 0.303863 ms CreateObjectMapping: 0.046445 ms MarkObjects: 1.876940 ms  DeleteObjects: 0.094205 ms)

========================================================================
Received Prepare
Registering precompiled user dll's ...
Registered in 0.000617 seconds.
Begin MonoManager ReloadAssembly
Native extension for OSXStandalone target not found
Refreshing native plugins compatible for Editor in 0.26 ms, found 1 plugins.
Preloading 0 native plugins for Editor in 0.00 ms.
Invoked RoslynAnalysisRunner static constructor.
RoslynAnalysisRunner will not be running.
RoslynAnalysisRunner has terminated.
Mono: successfully reloaded assembly
- Completed reload, in  1.702 seconds
Platform modules already initialized, skipping
Refreshing native plugins compatible for Editor in 0.26 ms, found 1 plugins.
Preloading 0 native plugins for Editor in 0.00 ms.
Unloading 1091 Unused Serialized files (Serialized files now loaded: 0)
System memory in use before: 120.9 MB.
System memory in use after: 120.9 MB.

Unloading 5 unused Assets to reduce memory usage. Loaded Objects now: 1555.
Total: 2.862014 ms (FindLiveObjects: 0.324435 ms CreateObjectMapping: 0.047983 ms MarkObjects: 2.395107 ms  DeleteObjects: 0.092629 ms)

========================================================================
Received Prepare
Registering precompiled user dll's ...
Registered in 0.000628 seconds.
Begin MonoManager ReloadAssembly
Native extension for OSXStandalone target not found
Refreshing native plugins compatible for Editor in 0.26 ms, found 1 plugins.
Preloading 0 native plugins for Editor in 0.00 ms.
Invoked RoslynAnalysisRunner static constructor.
RoslynAnalysisRunner will not be running.
RoslynAnalysisRunner has terminated.
Mono: successfully reloaded assembly
- Completed reload, in  1.734 seconds
Platform modules already initialized, skipping
Refreshing native plugins compatible for Editor in 0.41 ms, found 1 plugins.
Preloading 0 native plugins for Editor in 0.00 ms.
Unloading 1091 Unused Serialized files (Serialized files now loaded: 0)
System memory in use before: 121.2 MB.
System memory in use after: 121.2 MB.

Unloading 5 unused Assets to reduce memory usage. Loaded Objects now: 1557.
Total: 3.074735 ms (FindLiveObjects: 0.435994 ms CreateObjectMapping: 0.066006 ms MarkObjects: 2.458458 ms  DeleteObjects: 0.111183 ms)

========================================================================
Received Prepare
Registering precompiled user dll's ...
Registered in 0.000631 seconds.
Begin MonoManager ReloadAssembly
Native extension for OSXStandalone target not found
Refreshing native plugins compatible for Editor in 0.24 ms, found 1 plugins.
Preloading 0 native plugins for Editor in 0.00 ms.
Invoked RoslynAnalysisRunner static constructor.
RoslynAnalysisRunner will not be running.
RoslynAnalysisRunner has terminated.
Mono: successfully reloaded assembly
- Completed reload, in  1.952 seconds
Platform modules already initialized, skipping
Refreshing native plugins compatible for Editor in 0.24 ms, found 1 plugins.
Preloading 0 native plugins for Editor in 0.00 ms.
Unloading 1091 Unused Serialized files (Serialized files now loaded: 0)
System memory in use before: 121.5 MB.
System memory in use after: 121.5 MB.

Unloading 5 unused Assets to reduce memory usage. Loaded Objects now: 1559.
Total: 2.561829 ms (FindLiveObjects: 0.322193 ms CreateObjectMapping: 0.048102 ms MarkObjects: 2.104430 ms  DeleteObjects: 0.083820 ms)

========================================================================
Received Prepare
Registering precompiled user dll's ...
Registered in 0.000572 seconds.
Begin MonoManager ReloadAssembly
Native extension for OSXStandalone target not found
Refreshing native plugins compatible for Editor in 0.43 ms, found 1 plugins.
Preloading 0 native plugins for Editor in 0.00 ms.
Invoked RoslynAnalysisRunner static constructor.
RoslynAnalysisRunner will not be running.
RoslynAnalysisRunner has terminated.
Mono: successfully reloaded assembly
- Completed reload, in  3.303 seconds
Platform modules already initialized, skipping
Refreshing native plugins compatible for Editor in 0.35 ms, found 1 plugins.
Preloading 0 native plugins for Editor in 0.00 ms.
Unloading 1091 Unused Serialized files (Serialized files now loaded: 0)
System memory in use before: 121.8 MB.
System memory in use after: 121.8 MB.

Unloading 5 unused Assets to reduce memory usage. Loaded Objects now: 1561.
Total: 5.185584 ms (FindLiveObjects: 0.528050 ms CreateObjectMapping: 0.143538 ms MarkObjects: 4.429161 ms  DeleteObjects: 0.075349 ms)

========================================================================
Received Prepare
Registering precompiled user dll's ...
Registered in 0.000763 seconds.
Begin MonoManager ReloadAssembly
Native extension for OSXStandalone target not found
Refreshing native plugins compatible for Editor in 0.28 ms, found 1 plugins.
Preloading 0 native plugins for Editor in 0.00 ms.
Invoked RoslynAnalysisRunner static constructor.
RoslynAnalysisRunner will not be running.
RoslynAnalysisRunner has terminated.
Mono: successfully reloaded assembly
- Completed reload, in  2.336 seconds
Platform modules already initialized, skipping
Refreshing native plugins compatible for Editor in 0.26 ms, found 1 plugins.
Preloading 0 native plugins for Editor in 0.00 ms.
Unloading 1091 Unused Serialized files (Serialized files now loaded: 0)
System memory in use before: 122.1 MB.
System memory in use after: 122.1 MB.

Unloading 5 unused Assets to reduce memory usage. Loaded Objects now: 1563.
Total: 2.830700 ms (FindLiveObjects: 0.741089 ms CreateObjectMapping: 0.134745 ms MarkObjects: 1.848435 ms  DeleteObjects: 0.104711 ms)

========================================================================
Received Prepare
Registering precompiled user dll's ...
Registered in 0.001025 seconds.
Begin MonoManager ReloadAssembly
Native extension for OSXStandalone target not found
Refreshing native plugins compatible for Editor in 0.36 ms, found 1 plugins.
Preloading 0 native plugins for Editor in 0.00 ms.
Invoked RoslynAnalysisRunner static constructor.
RoslynAnalysisRunner will not be running.
RoslynAnalysisRunner has terminated.
Mono: successfully reloaded assembly
- Completed reload, in  4.316 seconds
Platform modules already initialized, skipping
Refreshing native plugins compatible for Editor in 0.41 ms, found 1 plugins.
Preloading 0 native plugins for Editor in 0.00 ms.
Unloading 1091 Unused Serialized files (Serialized files now loaded: 0)
System memory in use before: 122.3 MB.
System memory in use after: 122.4 MB.

Unloading 5 unused Assets to reduce memory usage. Loaded Objects now: 1565.
Total: 5.036279 ms (FindLiveObjects: 0.473563 ms CreateObjectMapping: 1.004208 ms MarkObjects: 3.465296 ms  DeleteObjects: 0.090765 ms)

========================================================================
Received Prepare
Registering precompiled user dll's ...
Registered in 0.000656 seconds.
Begin MonoManager ReloadAssembly
Native extension for OSXStandalone target not found
Refreshing native plugins compatible for Editor in 0.79 ms, found 1 plugins.
Preloading 0 native plugins for Editor in 0.00 ms.
Invoked RoslynAnalysisRunner static constructor.
RoslynAnalysisRunner will not be running.
RoslynAnalysisRunner has terminated.
Mono: successfully reloaded assembly
- Completed reload, in  2.161 seconds
Platform modules already initialized, skipping
Refreshing native plugins compatible for Editor in 0.26 ms, found 1 plugins.
Preloading 0 native plugins for Editor in 0.00 ms.
Unloading 1091 Unused Serialized files (Serialized files now loaded: 0)
System memory in use before: 122.6 MB.
System memory in use after: 122.6 MB.

Unloading 5 unused Assets to reduce memory usage. Loaded Objects now: 1567.
Total: 2.765690 ms (FindLiveObjects: 0.438915 ms CreateObjectMapping: 0.072173 ms MarkObjects: 2.170638 ms  DeleteObjects: 0.081830 ms)

========================================================================
Received Prepare
Registering precompiled user dll's ...
Registered in 0.000628 seconds.
Begin MonoManager ReloadAssembly
Native extension for OSXStandalone target not found
Refreshing native plugins compatible for Editor in 0.27 ms, found 1 plugins.
Preloading 0 native plugins for Editor in 0.00 ms.
Invoked RoslynAnalysisRunner static constructor.
RoslynAnalysisRunner will not be running.
RoslynAnalysisRunner has terminated.
Mono: successfully reloaded assembly
- Completed reload, in  1.863 seconds
Platform modules already initialized, skipping
Refreshing native plugins compatible for Editor in 0.27 ms, found 1 plugins.
Preloading 0 native plugins for Editor in 0.00 ms.
Unloading 1091 Unused Serialized files (Serialized files now loaded: 0)
System memory in use before: 122.0 MB.
System memory in use after: 122.0 MB.

Unloading 5 unused Assets to reduce memory usage. Loaded Objects now: 1569.
Total: 3.753984 ms (FindLiveObjects: 0.532157 ms CreateObjectMapping: 0.114520 ms MarkObjects: 2.987233 ms  DeleteObjects: 0.116610 ms)

========================================================================
Received Prepare
Registering precompiled user dll's ...
Registered in 0.001692 seconds.
Begin MonoManager ReloadAssembly
Native extension for OSXStandalone target not found
Refreshing native plugins compatible for Editor in 0.50 ms, found 1 plugins.
Preloading 0 native plugins for Editor in 0.00 ms.
Invoked RoslynAnalysisRunner static constructor.
RoslynAnalysisRunner will not be running.
RoslynAnalysisRunner has terminated.
Mono: successfully reloaded assembly
- Completed reload, in  1.972 seconds
Platform modules already initialized, skipping
Refreshing native plugins compatible for Editor in 0.25 ms, found 1 plugins.
Preloading 0 native plugins for Editor in 0.00 ms.
Unloading 1091 Unused Serialized files (Serialized files now loaded: 0)
System memory in use before: 122.3 MB.
System memory in use after: 122.3 MB.

Unloading 5 unused Assets to reduce memory usage. Loaded Objects now: 1571.
Total: 3.797956 ms (FindLiveObjects: 0.520288 ms CreateObjectMapping: 0.077012 ms MarkObjects: 3.124261 ms  DeleteObjects: 0.073702 ms)

========================================================================
Received Prepare
Registering precompiled user dll's ...
Registered in 0.006948 seconds.
Begin MonoManager ReloadAssembly
Native extension for OSXStandalone target not found
Refreshing native plugins compatible for Editor in 0.45 ms, found 1 plugins.
Preloading 0 native plugins for Editor in 0.00 ms.
Invoked RoslynAnalysisRunner static constructor.
RoslynAnalysisRunner will not be running.
RoslynAnalysisRunner has terminated.
Mono: successfully reloaded assembly
- Completed reload, in  2.117 seconds
Platform modules already initialized, skipping
Refreshing native plugins compatible for Editor in 0.26 ms, found 1 plugins.
Preloading 0 native plugins for Editor in 0.00 ms.
Unloading 1091 Unused Serialized files (Serialized files now loaded: 0)
System memory in use before: 122.6 MB.
System memory in use after: 122.6 MB.

Unloading 5 unused Assets to reduce memory usage. Loaded Objects now: 1573.
Total: 2.587274 ms (FindLiveObjects: 0.319564 ms CreateObjectMapping: 0.067974 ms MarkObjects: 2.101748 ms  DeleteObjects: 0.095184 ms)

========================================================================
Received Prepare
Registering precompiled user dll's ...
Registered in 0.000633 seconds.
Begin MonoManager ReloadAssembly
Native extension for OSXStandalone target not found
Refreshing native plugins compatible for Editor in 0.42 ms, found 1 plugins.
Preloading 0 native plugins for Editor in 0.00 ms.
Invoked RoslynAnalysisRunner static constructor.
RoslynAnalysisRunner will not be running.
RoslynAnalysisRunner has terminated.
Mono: successfully reloaded assembly
- Completed reload, in  2.133 seconds
Platform modules already initialized, skipping
Refreshing native plugins compatible for Editor in 0.25 ms, found 1 plugins.
Preloading 0 native plugins for Editor in 0.00 ms.
Unloading 1091 Unused Serialized files (Serialized files now loaded: 0)
System memory in use before: 122.8 MB.
System memory in use after: 122.9 MB.

Unloading 5 unused Assets to reduce memory usage. Loaded Objects now: 1575.
Total: 2.275264 ms (FindLiveObjects: 0.299280 ms CreateObjectMapping: 0.048245 ms MarkObjects: 1.834506 ms  DeleteObjects: 0.091498 ms)

========================================================================
Received Prepare
Registering precompiled user dll's ...
Registered in 0.001598 seconds.
Begin MonoManager ReloadAssembly
Native extension for OSXStandalone target not found
Refreshing native plugins compatible for Editor in 0.26 ms, found 1 plugins.
Preloading 0 native plugins for Editor in 0.00 ms.
Invoked RoslynAnalysisRunner static constructor.
RoslynAnalysisRunner will not be running.
RoslynAnalysisRunner has terminated.
Mono: successfully reloaded assembly
- Completed reload, in  1.577 seconds
Platform modules already initialized, skipping
Refreshing native plugins compatible for Editor in 0.23 ms, found 1 plugins.
Preloading 0 native plugins for Editor in 0.00 ms.
Unloading 1091 Unused Serialized files (Serialized files now loaded: 0)
System memory in use before: 123.1 MB.
System memory in use after: 123.2 MB.

Unloading 5 unused Assets to reduce memory usage. Loaded Objects now: 1577.
Total: 2.123980 ms (FindLiveObjects: 0.192572 ms CreateObjectMapping: 0.053198 ms MarkObjects: 1.800790 ms  DeleteObjects: 0.074119 ms)

========================================================================
Received Prepare
Registering precompiled user dll's ...
Registered in 0.000972 seconds.
Begin MonoManager ReloadAssembly
Native extension for OSXStandalone target not found
Refreshing native plugins compatible for Editor in 0.25 ms, found 1 plugins.
Preloading 0 native plugins for Editor in 0.00 ms.
Invoked RoslynAnalysisRunner static constructor.
RoslynAnalysisRunner will not be running.
RoslynAnalysisRunner has terminated.
Mono: successfully reloaded assembly
- Completed reload, in  2.075 seconds
Platform modules already initialized, skipping
Refreshing native plugins compatible for Editor in 0.25 ms, found 1 plugins.
Preloading 0 native plugins for Editor in 0.00 ms.
Unloading 1091 Unused Serialized files (Serialized files now loaded: 0)
System memory in use before: 123.5 MB.
System memory in use after: 123.5 MB.

Unloading 5 unused Assets to reduce memory usage. Loaded Objects now: 1579.
Total: 3.000175 ms (FindLiveObjects: 0.382288 ms CreateObjectMapping: 0.076988 ms MarkObjects: 2.422783 ms  DeleteObjects: 0.116030 ms)

========================================================================
Received Prepare
Registering precompiled user dll's ...
Registered in 0.000736 seconds.
Begin MonoManager ReloadAssembly
Native extension for OSXStandalone target not found
Refreshing native plugins compatible for Editor in 1.19 ms, found 1 plugins.
Preloading 0 native plugins for Editor in 0.00 ms.
Invoked RoslynAnalysisRunner static constructor.
RoslynAnalysisRunner will not be running.
RoslynAnalysisRunner has terminated.
Mono: successfully reloaded assembly
- Completed reload, in  3.981 seconds
Platform modules already initialized, skipping
Refreshing native plugins compatible for Editor in 0.25 ms, found 1 plugins.
Preloading 0 native plugins for Editor in 0.00 ms.
Unloading 1091 Unused Serialized files (Serialized files now loaded: 0)
System memory in use before: 123.8 MB.
System memory in use after: 123.8 MB.

Unloading 5 unused Assets to reduce memory usage. Loaded Objects now: 1581.
Total: 9.697196 ms (FindLiveObjects: 0.684610 ms CreateObjectMapping: 0.279568 ms MarkObjects: 8.328983 ms  DeleteObjects: 0.400649 ms)

========================================================================
Received Prepare
Registering precompiled user dll's ...
Registered in 0.000705 seconds.
Begin MonoManager ReloadAssembly
Native extension for OSXStandalone target not found
Refreshing native plugins compatible for Editor in 0.26 ms, found 1 plugins.
Preloading 0 native plugins for Editor in 0.00 ms.
Invoked RoslynAnalysisRunner static constructor.
RoslynAnalysisRunner will not be running.
RoslynAnalysisRunner has terminated.
Mono: successfully reloaded assembly
- Completed reload, in  3.388 seconds
Platform modules already initialized, skipping
Refreshing native plugins compatible for Editor in 0.31 ms, found 1 plugins.
Preloading 0 native plugins for Editor in 0.00 ms.
Unloading 1091 Unused Serialized files (Serialized files now loaded: 0)
System memory in use before: 124.0 MB.
System memory in use after: 124.1 MB.

Unloading 5 unused Assets to reduce memory usage. Loaded Objects now: 1583.
Total: 18.993244 ms (FindLiveObjects: 0.815695 ms CreateObjectMapping: 0.356045 ms MarkObjects: 17.458128 ms  DeleteObjects: 0.360264 ms)

========================================================================
Received Prepare
Registering precompiled user dll's ...
Registered in 0.000630 seconds.
Begin MonoManager ReloadAssembly
Native extension for OSXStandalone target not found
Refreshing native plugins compatible for Editor in 0.30 ms, found 1 plugins.
Preloading 0 native plugins for Editor in 0.00 ms.
Invoked RoslynAnalysisRunner static constructor.
RoslynAnalysisRunner will not be running.
RoslynAnalysisRunner has terminated.
Mono: successfully reloaded assembly
- Completed reload, in  1.753 seconds
Platform modules already initialized, skipping
Refreshing native plugins compatible for Editor in 0.23 ms, found 1 plugins.
Preloading 0 native plugins for Editor in 0.00 ms.
Unloading 1091 Unused Serialized files (Serialized files now loaded: 0)
System memory in use before: 123.4 MB.
System memory in use after: 123.5 MB.

Unloading 5 unused Assets to reduce memory usage. Loaded Objects now: 1585.
Total: 2.441377 ms (FindLiveObjects: 0.283608 ms CreateObjectMapping: 0.040845 ms MarkObjects: 1.999379 ms  DeleteObjects: 0.115538 ms)

========================================================================
Received Prepare
Registering precompiled user dll's ...
Registered in 0.001185 seconds.
Begin MonoManager ReloadAssembly
Native extension for OSXStandalone target not found
Refreshing native plugins compatible for Editor in 0.37 ms, found 1 plugins.
Preloading 0 native plugins for Editor in 0.00 ms.
Invoked RoslynAnalysisRunner static constructor.
RoslynAnalysisRunner will not be running.
RoslynAnalysisRunner has terminated.
Mono: successfully reloaded assembly
- Completed reload, in  2.322 seconds
Platform modules already initialized, skipping
Refreshing native plugins compatible for Editor in 0.25 ms, found 1 plugins.
Preloading 0 native plugins for Editor in 0.00 ms.
Unloading 1091 Unused Serialized files (Serialized files now loaded: 0)
System memory in use before: 123.7 MB.
System memory in use after: 123.8 MB.

Unloading 5 unused Assets to reduce memory usage. Loaded Objects now: 1587.
Total: 3.755715 ms (FindLiveObjects: 0.334184 ms CreateObjectMapping: 0.064812 ms MarkObjects: 3.268092 ms  DeleteObjects: 0.086065 ms)

========================================================================
Received Prepare
Registering precompiled user dll's ...
Registered in 0.000588 seconds.
Begin MonoManager ReloadAssembly
Native extension for OSXStandalone target not found
Refreshing native plugins compatible for Editor in 0.36 ms, found 1 plugins.
Preloading 0 native plugins for Editor in 0.00 ms.
Invoked RoslynAnalysisRunner static constructor.
RoslynAnalysisRunner will not be running.
RoslynAnalysisRunner has terminated.
Mono: successfully reloaded assembly
- Completed reload, in  1.754 seconds
Platform modules already initialized, skipping
Refreshing native plugins compatible for Editor in 0.25 ms, found 1 plugins.
Preloading 0 native plugins for Editor in 0.00 ms.
Unloading 1091 Unused Serialized files (Serialized files now loaded: 0)
System memory in use before: 124.0 MB.
System memory in use after: 124.1 MB.

Unloading 5 unused Assets to reduce memory usage. Loaded Objects now: 1589.
Total: 2.512873 ms (FindLiveObjects: 0.395498 ms CreateObjectMapping: 0.067541 ms MarkObjects: 1.963287 ms  DeleteObjects: 0.084427 ms)

========================================================================
Received Prepare
Registering precompiled user dll's ...
Registered in 0.001127 seconds.
Begin MonoManager ReloadAssembly
Native extension for OSXStandalone target not found
Refreshing native plugins compatible for Editor in 0.35 ms, found 1 plugins.
Preloading 0 native plugins for Editor in 0.00 ms.
Invoked RoslynAnalysisRunner static constructor.
RoslynAnalysisRunner will not be running.
RoslynAnalysisRunner has terminated.
Mono: successfully reloaded assembly
- Completed reload, in  2.121 seconds
Platform modules already initialized, skipping
Refreshing native plugins compatible for Editor in 0.32 ms, found 1 plugins.
Preloading 0 native plugins for Editor in 0.00 ms.
Unloading 1091 Unused Serialized files (Serialized files now loaded: 0)
System memory in use before: 124.3 MB.
System memory in use after: 124.3 MB.

Unloading 5 unused Assets to reduce memory usage. Loaded Objects now: 1591.
Total: 2.668012 ms (FindLiveObjects: 0.446193 ms CreateObjectMapping: 0.076859 ms MarkObjects: 2.047554 ms  DeleteObjects: 0.095496 ms)

========================================================================
Received Prepare
Registering precompiled user dll's ...
Registered in 0.000666 seconds.
Begin MonoManager ReloadAssembly
Native extension for OSXStandalone target not found
Refreshing native plugins compatible for Editor in 0.25 ms, found 1 plugins.
Preloading 0 native plugins for Editor in 0.00 ms.
Invoked RoslynAnalysisRunner static constructor.
RoslynAnalysisRunner will not be running.
RoslynAnalysisRunner has terminated.
Mono: successfully reloaded assembly
- Completed reload, in  1.929 seconds
Platform modules already initialized, skipping
Refreshing native plugins compatible for Editor in 0.51 ms, found 1 plugins.
Preloading 0 native plugins for Editor in 0.00 ms.
Unloading 1091 Unused Serialized files (Serialized files now loaded: 0)
System memory in use before: 124.6 MB.
System memory in use after: 124.6 MB.

Unloading 5 unused Assets to reduce memory usage. Loaded Objects now: 1593.
Total: 6.070031 ms (FindLiveObjects: 0.671090 ms CreateObjectMapping: 0.128631 ms MarkObjects: 5.120487 ms  DeleteObjects: 0.145795 ms)

========================================================================
Received Import Request.
  Time since last request: 7209.599123 seconds.
  path: Assets/target_json/openapi.json
  artifactKey: Guid(7ff4f97478bbd42cdbd61708009b3289) Importer(815301076,1909f56bfc062723c751e8b465ee728b)
Start importing Assets/target_json/openapi.json using Guid(7ff4f97478bbd42cdbd61708009b3289) Importer(815301076,1909f56bfc062723c751e8b465ee728b)  -> (artifact id: 'b9bc4465bb6b3e88b8326677baaf1e1f') in 0.175671 seconds
  Import took 0.199098 seconds .

========================================================================
Received Prepare
Registering precompiled user dll's ...
Registered in 0.001032 seconds.
Begin MonoManager ReloadAssembly
Native extension for OSXStandalone target not found
Refreshing native plugins compatible for Editor in 0.27 ms, found 1 plugins.
Preloading 0 native plugins for Editor in 0.00 ms.
Invoked RoslynAnalysisRunner static constructor.
RoslynAnalysisRunner will not be running.
RoslynAnalysisRunner has terminated.
Mono: successfully reloaded assembly
- Completed reload, in  2.085 seconds
Platform modules already initialized, skipping
Refreshing native plugins compatible for Editor in 0.47 ms, found 1 plugins.
Preloading 0 native plugins for Editor in 0.00 ms.
Unloading 1091 Unused Serialized files (Serialized files now loaded: 0)
System memory in use before: 124.9 MB.
System memory in use after: 124.9 MB.

Unloading 5 unused Assets to reduce memory usage. Loaded Objects now: 1595.
Total: 3.640479 ms (FindLiveObjects: 0.487699 ms CreateObjectMapping: 0.093307 ms MarkObjects: 2.956928 ms  DeleteObjects: 0.099393 ms)

========================================================================
Received Prepare
Registering precompiled user dll's ...
Registered in 0.000641 seconds.
Begin MonoManager ReloadAssembly
Native extension for OSXStandalone target not found
Refreshing native plugins compatible for Editor in 0.26 ms, found 1 plugins.
Preloading 0 native plugins for Editor in 0.00 ms.
Invoked RoslynAnalysisRunner static constructor.
RoslynAnalysisRunner will not be running.
RoslynAnalysisRunner has terminated.
Mono: successfully reloaded assembly
- Completed reload, in  1.567 seconds
Platform modules already initialized, skipping
Refreshing native plugins compatible for Editor in 0.42 ms, found 1 plugins.
Preloading 0 native plugins for Editor in 0.00 ms.
Unloading 1091 Unused Serialized files (Serialized files now loaded: 0)
System memory in use before: 125.2 MB.
System memory in use after: 125.2 MB.

Unloading 5 unused Assets to reduce memory usage. Loaded Objects now: 1597.
Total: 2.734325 ms (FindLiveObjects: 0.366739 ms CreateObjectMapping: 0.053606 ms MarkObjects: 2.257178 ms  DeleteObjects: 0.054102 ms)

========================================================================
Received Import Request.
  Time since last request: 264.020624 seconds.
  path: Assets/target_json/openapi.json
  artifactKey: Guid(7ff4f97478bbd42cdbd61708009b3289) Importer(815301076,1909f56bfc062723c751e8b465ee728b)
Start importing Assets/target_json/openapi.json using Guid(7ff4f97478bbd42cdbd61708009b3289) Importer(815301076,1909f56bfc062723c751e8b465ee728b)  -> (artifact id: '61c12a94d4d6b7b7ffa77068ee051866') in 0.125435 seconds
  Import took 0.154927 seconds .

========================================================================
Received Prepare
Registering precompiled user dll's ...
Registered in 0.000848 seconds.
Begin MonoManager ReloadAssembly
Native extension for OSXStandalone target not found
Refreshing native plugins compatible for Editor in 0.31 ms, found 1 plugins.
Preloading 0 native plugins for Editor in 0.00 ms.
Invoked RoslynAnalysisRunner static constructor.
RoslynAnalysisRunner will not be running.
RoslynAnalysisRunner has terminated.
Mono: successfully reloaded assembly
- Completed reload, in  3.102 seconds
Platform modules already initialized, skipping
Refreshing native plugins compatible for Editor in 0.43 ms, found 1 plugins.
Preloading 0 native plugins for Editor in 0.00 ms.
Unloading 1091 Unused Serialized files (Serialized files now loaded: 0)
System memory in use before: 125.4 MB.
System memory in use after: 125.5 MB.

Unloading 5 unused Assets to reduce memory usage. Loaded Objects now: 1599.
Total: 9.861808 ms (FindLiveObjects: 0.409793 ms CreateObjectMapping: 0.180495 ms MarkObjects: 9.152224 ms  DeleteObjects: 0.117132 ms)

========================================================================
Received Prepare
Registering precompiled user dll's ...
Registered in 0.000658 seconds.
Begin MonoManager ReloadAssembly
Native extension for OSXStandalone target not found
Refreshing native plugins compatible for Editor in 0.28 ms, found 1 plugins.
Preloading 0 native plugins for Editor in 0.00 ms.
Invoked RoslynAnalysisRunner static constructor.
RoslynAnalysisRunner will not be running.
RoslynAnalysisRunner has terminated.
Mono: successfully reloaded assembly
- Completed reload, in  2.303 seconds
Platform modules already initialized, skipping
Refreshing native plugins compatible for Editor in 0.31 ms, found 1 plugins.
Preloading 0 native plugins for Editor in 0.00 ms.
Unloading 1091 Unused Serialized files (Serialized files now loaded: 0)
System memory in use before: 124.8 MB.
System memory in use after: 124.9 MB.

Unloading 5 unused Assets to reduce memory usage. Loaded Objects now: 1601.
Total: 6.181692 ms (FindLiveObjects: 0.624207 ms CreateObjectMapping: 0.062854 ms MarkObjects: 5.338146 ms  DeleteObjects: 0.153869 ms)

========================================================================
Received Prepare
Registering precompiled user dll's ...
Registered in 0.000681 seconds.
Begin MonoManager ReloadAssembly
Native extension for OSXStandalone target not found
Refreshing native plugins compatible for Editor in 0.25 ms, found 1 plugins.
Preloading 0 native plugins for Editor in 0.00 ms.
Invoked RoslynAnalysisRunner static constructor.
RoslynAnalysisRunner will not be running.
RoslynAnalysisRunner has terminated.
Mono: successfully reloaded assembly
- Completed reload, in  1.857 seconds
Platform modules already initialized, skipping
Refreshing native plugins compatible for Editor in 0.29 ms, found 1 plugins.
Preloading 0 native plugins for Editor in 0.00 ms.
Unloading 1091 Unused Serialized files (Serialized files now loaded: 0)
System memory in use before: 125.1 MB.
System memory in use after: 125.2 MB.

Unloading 5 unused Assets to reduce memory usage. Loaded Objects now: 1603.
Total: 2.558793 ms (FindLiveObjects: 0.333857 ms CreateObjectMapping: 0.046832 ms MarkObjects: 2.078523 ms  DeleteObjects: 0.097431 ms)

========================================================================
Received Prepare
Registering precompiled user dll's ...
Registered in 0.000817 seconds.
Begin MonoManager ReloadAssembly
Native extension for OSXStandalone target not found
Refreshing native plugins compatible for Editor in 0.26 ms, found 1 plugins.
Preloading 0 native plugins for Editor in 0.00 ms.
Invoked RoslynAnalysisRunner static constructor.
RoslynAnalysisRunner will not be running.
RoslynAnalysisRunner has terminated.
Mono: successfully reloaded assembly
- Completed reload, in  3.109 seconds
Platform modules already initialized, skipping
Refreshing native plugins compatible for Editor in 0.26 ms, found 1 plugins.
Preloading 0 native plugins for Editor in 0.00 ms.
Unloading 1091 Unused Serialized files (Serialized files now loaded: 0)
System memory in use before: 125.5 MB.
System memory in use after: 125.5 MB.

Unloading 5 unused Assets to reduce memory usage. Loaded Objects now: 1605.
Total: 3.063677 ms (FindLiveObjects: 0.418870 ms CreateObjectMapping: 0.090107 ms MarkObjects: 2.433240 ms  DeleteObjects: 0.119166 ms)

========================================================================
Received Prepare
Registering precompiled user dll's ...
Registered in 0.000653 seconds.
Begin MonoManager ReloadAssembly
Native extension for OSXStandalone target not found
Refreshing native plugins compatible for Editor in 0.33 ms, found 1 plugins.
Preloading 0 native plugins for Editor in 0.00 ms.
Invoked RoslynAnalysisRunner static constructor.
RoslynAnalysisRunner will not be running.
RoslynAnalysisRunner has terminated.
Mono: successfully reloaded assembly
- Completed reload, in  2.214 seconds
Platform modules already initialized, skipping
Refreshing native plugins compatible for Editor in 0.28 ms, found 1 plugins.
Preloading 0 native plugins for Editor in 0.00 ms.
Unloading 1091 Unused Serialized files (Serialized files now loaded: 0)
System memory in use before: 125.8 MB.
System memory in use after: 125.8 MB.

Unloading 5 unused Assets to reduce memory usage. Loaded Objects now: 1607.
Total: 2.514116 ms (FindLiveObjects: 0.383664 ms CreateObjectMapping: 0.054874 ms MarkObjects: 1.978520 ms  DeleteObjects: 0.095310 ms)

========================================================================
Received Prepare
Registering precompiled user dll's ...
Registered in 0.010009 seconds.
Begin MonoManager ReloadAssembly
Native extension for OSXStandalone target not found
Refreshing native plugins compatible for Editor in 0.26 ms, found 1 plugins.
Preloading 0 native plugins for Editor in 0.00 ms.
Invoked RoslynAnalysisRunner static constructor.
RoslynAnalysisRunner will not be running.
RoslynAnalysisRunner has terminated.
Mono: successfully reloaded assembly
- Completed reload, in  2.070 seconds
Platform modules already initialized, skipping
Refreshing native plugins compatible for Editor in 0.33 ms, found 1 plugins.
Preloading 0 native plugins for Editor in 0.00 ms.
Unloading 1094 Unused Serialized files (Serialized files now loaded: 0)
System memory in use before: 126.1 MB.
System memory in use after: 126.2 MB.

Unloading 5 unused Assets to reduce memory usage. Loaded Objects now: 1612.
Total: 4.148759 ms (FindLiveObjects: 0.604925 ms CreateObjectMapping: 0.089925 ms MarkObjects: 3.367867 ms  DeleteObjects: 0.082968 ms)

========================================================================
Received Import Request.
  Time since last request: 2547.595246 seconds.
  path: Assets/変換して作ったModel達はここ/もでる/pullrequest.cs
  artifactKey: Guid(d932142d8e59a4443bd11cf218940057) Importer(815301076,1909f56bfc062723c751e8b465ee728b)
Start importing Assets/変換して作ったModel達はここ/もでる/pullrequest.cs using Guid(d932142d8e59a4443bd11cf218940057) Importer(815301076,1909f56bfc062723c751e8b465ee728b)  -> (artifact id: '4b6991b638c8adf6ffe34a00712aa74f') in 0.084635 seconds
  Import took 0.091358 seconds .

========================================================================
Received Import Request.
  Time since last request: 0.053726 seconds.
  path: Assets/変換して作ったModel達はここ/もでる/pullrequest.cs
  artifactKey: Guid(d932142d8e59a4443bd11cf218940057) Importer(815301076,1909f56bfc062723c751e8b465ee728b)
Start importing Assets/変換して作ったModel達はここ/もでる/pullrequest.cs using Guid(d932142d8e59a4443bd11cf218940057) Importer(815301076,1909f56bfc062723c751e8b465ee728b)  -> (artifact id: '4b6991b638c8adf6ffe34a00712aa74f') in 0.003141 seconds
  Import took 0.006673 seconds .

========================================================================
Received Prepare
Registering precompiled user dll's ...
Registered in 0.000847 seconds.
Begin MonoManager ReloadAssembly
Native extension for OSXStandalone target not found
Refreshing native plugins compatible for Editor in 0.26 ms, found 1 plugins.
Preloading 0 native plugins for Editor in 0.00 ms.
Invoked RoslynAnalysisRunner static constructor.
RoslynAnalysisRunner will not be running.
RoslynAnalysisRunner has terminated.
Mono: successfully reloaded assembly
- Completed reload, in  1.830 seconds
Platform modules already initialized, skipping
Refreshing native plugins compatible for Editor in 0.27 ms, found 1 plugins.
Preloading 0 native plugins for Editor in 0.00 ms.
Unloading 1091 Unused Serialized files (Serialized files now loaded: 0)
System memory in use before: 126.4 MB.
System memory in use after: 126.4 MB.

Unloading 8 unused Assets to reduce memory usage. Loaded Objects now: 1611.
Total: 6.061398 ms (FindLiveObjects: 0.784580 ms CreateObjectMapping: 0.168890 ms MarkObjects: 4.942644 ms  DeleteObjects: 0.161742 ms)

========================================================================
Received Prepare
Registering precompiled user dll's ...
Registered in 0.000613 seconds.
Begin MonoManager ReloadAssembly
Native extension for OSXStandalone target not found
Refreshing native plugins compatible for Editor in 0.34 ms, found 1 plugins.
Preloading 0 native plugins for Editor in 0.00 ms.
Invoked RoslynAnalysisRunner static constructor.
RoslynAnalysisRunner will not be running.
RoslynAnalysisRunner has terminated.
Mono: successfully reloaded assembly
- Completed reload, in  1.949 seconds
Platform modules already initialized, skipping
Refreshing native plugins compatible for Editor in 0.28 ms, found 1 plugins.
Preloading 0 native plugins for Editor in 0.00 ms.
Unloading 1094 Unused Serialized files (Serialized files now loaded: 0)
System memory in use before: 126.7 MB.
System memory in use after: 126.8 MB.

Unloading 5 unused Assets to reduce memory usage. Loaded Objects now: 1616.
Total: 4.199720 ms (FindLiveObjects: 0.780854 ms CreateObjectMapping: 0.116395 ms MarkObjects: 3.162090 ms  DeleteObjects: 0.137554 ms)

========================================================================
Received Import Request.
  Time since last request: 183.322248 seconds.
  path: Assets/変換して作ったModel達はここ/もでる/pullrequest.cs
  artifactKey: Guid(d932142d8e59a4443bd11cf218940057) Importer(815301076,1909f56bfc062723c751e8b465ee728b)
Start importing Assets/変換して作ったModel達はここ/もでる/pullrequest.cs using Guid(d932142d8e59a4443bd11cf218940057) Importer(815301076,1909f56bfc062723c751e8b465ee728b)  -> (artifact id: '34a1b44fd386e936cb378f3aa226cd3a') in 0.020265 seconds
  Import took 0.024948 seconds .

========================================================================
Received Import Request.
  Time since last request: 0.340987 seconds.
  path: Assets/変換して作ったModel達はここ/もでる/user.cs
  artifactKey: Guid(457c5d438dbe8466bb4ecb1da416892c) Importer(815301076,1909f56bfc062723c751e8b465ee728b)
Start importing Assets/変換して作ったModel達はここ/もでる/user.cs using Guid(457c5d438dbe8466bb4ecb1da416892c) Importer(815301076,1909f56bfc062723c751e8b465ee728b)  -> (artifact id: 'd6bd82426a061cb3cd03c439ef982755') in 0.002577 seconds
  Import took 0.005603 seconds .

========================================================================
Received Import Request.
  Time since last request: 0.003840 seconds.
  path: Assets/変換して作ったModel達はここ/もでる/user.cs
  artifactKey: Guid(457c5d438dbe8466bb4ecb1da416892c) Importer(815301076,1909f56bfc062723c751e8b465ee728b)
Start importing Assets/変換して作ったModel達はここ/もでる/user.cs using Guid(457c5d438dbe8466bb4ecb1da416892c) Importer(815301076,1909f56bfc062723c751e8b465ee728b)  -> (artifact id: 'd6bd82426a061cb3cd03c439ef982755') in 0.003187 seconds
  Import took 0.007661 seconds .

========================================================================
Received Import Request.
  Time since last request: 0.842911 seconds.
  path: Assets/変換して作ったModel達はここ/もでる/repository.cs
  artifactKey: Guid(aaf9362c9ee6243d5ba8d803091c1f72) Importer(815301076,1909f56bfc062723c751e8b465ee728b)
Start importing Assets/変換して作ったModel達はここ/もでる/repository.cs using Guid(aaf9362c9ee6243d5ba8d803091c1f72) Importer(815301076,1909f56bfc062723c751e8b465ee728b)  -> (artifact id: '0d0d08172cf3b1fd95b70f9351e8c461') in 0.003198 seconds
  Import took 0.006532 seconds .

========================================================================
Received Import Request.
  Time since last request: 0.000980 seconds.
  path: Assets/変換して作ったModel達はここ/もでる/repository.cs
  artifactKey: Guid(aaf9362c9ee6243d5ba8d803091c1f72) Importer(815301076,1909f56bfc062723c751e8b465ee728b)
Start importing Assets/変換して作ったModel達はここ/もでる/repository.cs using Guid(aaf9362c9ee6243d5ba8d803091c1f72) Importer(815301076,1909f56bfc062723c751e8b465ee728b)  -> (artifact id: '0d0d08172cf3b1fd95b70f9351e8c461') in 0.005388 seconds
  Import took 0.009900 seconds .

========================================================================
Received Prepare
Registering precompiled user dll's ...
Registered in 0.001056 seconds.
Begin MonoManager ReloadAssembly
Native extension for OSXStandalone target not found
Refreshing native plugins compatible for Editor in 0.53 ms, found 1 plugins.
Preloading 0 native plugins for Editor in 0.00 ms.
Invoked RoslynAnalysisRunner static constructor.
RoslynAnalysisRunner will not be running.
RoslynAnalysisRunner has terminated.
Mono: successfully reloaded assembly
- Completed reload, in  3.345 seconds
Platform modules already initialized, skipping
Refreshing native plugins compatible for Editor in 0.76 ms, found 1 plugins.
Preloading 0 native plugins for Editor in 0.00 ms.
Unloading 1094 Unused Serialized files (Serialized files now loaded: 0)
System memory in use before: 127.0 MB.
System memory in use after: 127.1 MB.

Unloading 5 unused Assets to reduce memory usage. Loaded Objects now: 1618.
Total: 9.111837 ms (FindLiveObjects: 1.352834 ms CreateObjectMapping: 0.339913 ms MarkObjects: 7.268280 ms  DeleteObjects: 0.148558 ms)

========================================================================
Received Import Request.
  Time since last request: 267.982070 seconds.
  path: Assets/変換して作ったModel達はここ/もでる/pullrequest.cs
  artifactKey: Guid(d932142d8e59a4443bd11cf218940057) Importer(815301076,1909f56bfc062723c751e8b465ee728b)
Start importing Assets/変換して作ったModel達はここ/もでる/pullrequest.cs using Guid(d932142d8e59a4443bd11cf218940057) Importer(815301076,1909f56bfc062723c751e8b465ee728b)  -> (artifact id: '45356bf4feab94371bccfeb02dc745e9') in 0.022245 seconds
  Import took 0.027249 seconds .

========================================================================
Received Prepare
Registering precompiled user dll's ...
Registered in 0.000686 seconds.
Begin MonoManager ReloadAssembly
Native extension for OSXStandalone target not found
Refreshing native plugins compatible for Editor in 0.32 ms, found 1 plugins.
Preloading 0 native plugins for Editor in 0.00 ms.
Invoked RoslynAnalysisRunner static constructor.
RoslynAnalysisRunner will not be running.
RoslynAnalysisRunner has terminated.
Mono: successfully reloaded assembly
- Completed reload, in  2.149 seconds
Platform modules already initialized, skipping
Refreshing native plugins compatible for Editor in 0.23 ms, found 1 plugins.
Preloading 0 native plugins for Editor in 0.00 ms.
Unloading 1091 Unused Serialized files (Serialized files now loaded: 0)
System memory in use before: 127.2 MB.
System memory in use after: 127.3 MB.

Unloading 8 unused Assets to reduce memory usage. Loaded Objects now: 1617.
Total: 2.598240 ms (FindLiveObjects: 0.354710 ms CreateObjectMapping: 0.054109 ms MarkObjects: 2.107457 ms  DeleteObjects: 0.080346 ms)

========================================================================
Received Prepare
Registering precompiled user dll's ...
Registered in 0.000606 seconds.
Begin MonoManager ReloadAssembly
Native extension for OSXStandalone target not found
Refreshing native plugins compatible for Editor in 0.35 ms, found 1 plugins.
Preloading 0 native plugins for Editor in 0.00 ms.
Invoked RoslynAnalysisRunner static constructor.
RoslynAnalysisRunner will not be running.
RoslynAnalysisRunner has terminated.
Mono: successfully reloaded assembly
- Completed reload, in  2.002 seconds
Platform modules already initialized, skipping
Refreshing native plugins compatible for Editor in 0.23 ms, found 1 plugins.
Preloading 0 native plugins for Editor in 0.00 ms.
Unloading 1094 Unused Serialized files (Serialized files now loaded: 0)
System memory in use before: 126.6 MB.
System memory in use after: 126.7 MB.

Unloading 5 unused Assets to reduce memory usage. Loaded Objects now: 1622.
Total: 2.704955 ms (FindLiveObjects: 0.558977 ms CreateObjectMapping: 0.072720 ms MarkObjects: 1.994820 ms  DeleteObjects: 0.076626 ms)

========================================================================
Received Prepare
Registering precompiled user dll's ...
Registered in 0.002810 seconds.
Begin MonoManager ReloadAssembly
Native extension for OSXStandalone target not found
Refreshing native plugins compatible for Editor in 1.00 ms, found 1 plugins.
Preloading 0 native plugins for Editor in 0.00 ms.
Invoked RoslynAnalysisRunner static constructor.
RoslynAnalysisRunner will not be running.
RoslynAnalysisRunner has terminated.
Mono: successfully reloaded assembly
- Completed reload, in  2.456 seconds
Platform modules already initialized, skipping
Refreshing native plugins compatible for Editor in 0.26 ms, found 1 plugins.
Preloading 0 native plugins for Editor in 0.00 ms.
Unloading 1094 Unused Serialized files (Serialized files now loaded: 0)
System memory in use before: 126.9 MB.
System memory in use after: 127.0 MB.

Unloading 5 unused Assets to reduce memory usage. Loaded Objects now: 1624.
Total: 3.741796 ms (FindLiveObjects: 0.550928 ms CreateObjectMapping: 0.274261 ms MarkObjects: 2.808961 ms  DeleteObjects: 0.105145 ms)

========================================================================
Received Prepare
Registering precompiled user dll's ...
Registered in 0.001545 seconds.
Begin MonoManager ReloadAssembly
Native extension for OSXStandalone target not found
Refreshing native plugins compatible for Editor in 0.24 ms, found 1 plugins.
Preloading 0 native plugins for Editor in 0.00 ms.
Invoked RoslynAnalysisRunner static constructor.
RoslynAnalysisRunner will not be running.
RoslynAnalysisRunner has terminated.
Mono: successfully reloaded assembly
- Completed reload, in  1.812 seconds
Platform modules already initialized, skipping
Refreshing native plugins compatible for Editor in 0.29 ms, found 1 plugins.
Preloading 0 native plugins for Editor in 0.00 ms.
Unloading 1094 Unused Serialized files (Serialized files now loaded: 0)
System memory in use before: 127.2 MB.
System memory in use after: 127.3 MB.

Unloading 5 unused Assets to reduce memory usage. Loaded Objects now: 1626.
Total: 4.061284 ms (FindLiveObjects: 0.566473 ms CreateObjectMapping: 0.089827 ms MarkObjects: 3.292799 ms  DeleteObjects: 0.109619 ms)

========================================================================
Received Prepare
Registering precompiled user dll's ...
Registered in 0.000592 seconds.
Begin MonoManager ReloadAssembly
Native extension for OSXStandalone target not found
Refreshing native plugins compatible for Editor in 0.41 ms, found 1 plugins.
Preloading 0 native plugins for Editor in 0.00 ms.
Invoked RoslynAnalysisRunner static constructor.
RoslynAnalysisRunner will not be running.
RoslynAnalysisRunner has terminated.
Mono: successfully reloaded assembly
- Completed reload, in  1.911 seconds
Platform modules already initialized, skipping
Refreshing native plugins compatible for Editor in 0.25 ms, found 1 plugins.
Preloading 0 native plugins for Editor in 0.00 ms.
Unloading 1094 Unused Serialized files (Serialized files now loaded: 0)
System memory in use before: 127.5 MB.
System memory in use after: 127.5 MB.

Unloading 5 unused Assets to reduce memory usage. Loaded Objects now: 1628.
Total: 4.003760 ms (FindLiveObjects: 0.447985 ms CreateObjectMapping: 0.078300 ms MarkObjects: 3.355118 ms  DeleteObjects: 0.117114 ms)

========================================================================
Received Prepare
Registering precompiled user dll's ...
Registered in 0.000570 seconds.
Begin MonoManager ReloadAssembly
Native extension for OSXStandalone target not found
Refreshing native plugins compatible for Editor in 0.34 ms, found 1 plugins.
Preloading 0 native plugins for Editor in 0.00 ms.
Invoked RoslynAnalysisRunner static constructor.
RoslynAnalysisRunner will not be running.
RoslynAnalysisRunner has terminated.
Mono: successfully reloaded assembly
- Completed reload, in  1.828 seconds
Platform modules already initialized, skipping
Refreshing native plugins compatible for Editor in 0.35 ms, found 1 plugins.
Preloading 0 native plugins for Editor in 0.00 ms.
Unloading 1091 Unused Serialized files (Serialized files now loaded: 0)
System memory in use before: 127.7 MB.
System memory in use after: 127.8 MB.

Unloading 8 unused Assets to reduce memory usage. Loaded Objects now: 1627.
Total: 2.697878 ms (FindLiveObjects: 0.332447 ms CreateObjectMapping: 0.090921 ms MarkObjects: 2.186226 ms  DeleteObjects: 0.086007 ms)

========================================================================
Received Prepare
Registering precompiled user dll's ...
Registered in 0.000701 seconds.
Begin MonoManager ReloadAssembly
Native extension for OSXStandalone target not found
Refreshing native plugins compatible for Editor in 0.25 ms, found 1 plugins.
Preloading 0 native plugins for Editor in 0.00 ms.
Invoked RoslynAnalysisRunner static constructor.
RoslynAnalysisRunner will not be running.
RoslynAnalysisRunner has terminated.
Mono: successfully reloaded assembly
- Completed reload, in  1.979 seconds
Platform modules already initialized, skipping
Refreshing native plugins compatible for Editor in 0.24 ms, found 1 plugins.
Preloading 0 native plugins for Editor in 0.00 ms.
Unloading 1097 Unused Serialized files (Serialized files now loaded: 0)
System memory in use before: 128.1 MB.
System memory in use after: 128.2 MB.

Unloading 5 unused Assets to reduce memory usage. Loaded Objects now: 1635.
Total: 3.100837 ms (FindLiveObjects: 0.275637 ms CreateObjectMapping: 0.093170 ms MarkObjects: 2.639570 ms  DeleteObjects: 0.089943 ms)

========================================================================
Received Import Request.
  Time since last request: 913.675894 seconds.
  path: Assets/変換して作ったModel達はここ/Model/pullrequest.cs
  artifactKey: Guid(94eece68997ee42e28aa034bd5ea2795) Importer(815301076,1909f56bfc062723c751e8b465ee728b)
Start importing Assets/変換して作ったModel達はここ/Model/pullrequest.cs using Guid(94eece68997ee42e28aa034bd5ea2795) Importer(815301076,1909f56bfc062723c751e8b465ee728b)  -> (artifact id: 'fa611ee925939b4b9402ebee2df69452') in 0.025975 seconds
  Import took 0.030682 seconds .

========================================================================
Received Import Request.
  Time since last request: 0.040565 seconds.
  path: Assets/変換して作ったModel達はここ/Model/pullrequest.cs
  artifactKey: Guid(94eece68997ee42e28aa034bd5ea2795) Importer(815301076,1909f56bfc062723c751e8b465ee728b)
Start importing Assets/変換して作ったModel達はここ/Model/pullrequest.cs using Guid(94eece68997ee42e28aa034bd5ea2795) Importer(815301076,1909f56bfc062723c751e8b465ee728b)  -> (artifact id: 'fa611ee925939b4b9402ebee2df69452') in 0.002538 seconds
  Import took 0.005821 seconds .

========================================================================
Received Prepare
Registering precompiled user dll's ...
Registered in 0.000888 seconds.
Begin MonoManager ReloadAssembly
Native extension for OSXStandalone target not found
Refreshing native plugins compatible for Editor in 0.99 ms, found 1 plugins.
Preloading 0 native plugins for Editor in 0.00 ms.
Invoked RoslynAnalysisRunner static constructor.
RoslynAnalysisRunner will not be running.
RoslynAnalysisRunner has terminated.
Mono: successfully reloaded assembly
- Completed reload, in  4.393 seconds
Platform modules already initialized, skipping
Refreshing native plugins compatible for Editor in 0.43 ms, found 1 plugins.
Preloading 0 native plugins for Editor in 0.00 ms.
Unloading 1097 Unused Serialized files (Serialized files now loaded: 0)
System memory in use before: 128.4 MB.
System memory in use after: 128.5 MB.

Unloading 5 unused Assets to reduce memory usage. Loaded Objects now: 1637.
Total: 14.347964 ms (FindLiveObjects: 3.219351 ms CreateObjectMapping: 1.114561 ms MarkObjects: 9.876737 ms  DeleteObjects: 0.133310 ms)

========================================================================
Received Import Request.
  Time since last request: 229.798780 seconds.
  path: Assets/Scripts/opneApiLoader.cs
  artifactKey: Guid(82c5322e23f5b404b817af11cb2855ef) Importer(815301076,1909f56bfc062723c751e8b465ee728b)
Start importing Assets/Scripts/opneApiLoader.cs using Guid(82c5322e23f5b404b817af11cb2855ef) Importer(815301076,1909f56bfc062723c751e8b465ee728b)  -> (artifact id: 'fd97f445a66c07acf43a89321f8351ba') in 0.086976 seconds
  Import took 0.144542 seconds .

========================================================================
Received Import Request.
  Time since last request: 5.002376 seconds.
  path: Assets/Scripts/OpneApiLoader.cs
  artifactKey: Guid(82c5322e23f5b404b817af11cb2855ef) Importer(815301076,1909f56bfc062723c751e8b465ee728b)
Start importing Assets/Scripts/OpneApiLoader.cs using Guid(82c5322e23f5b404b817af11cb2855ef) Importer(815301076,1909f56bfc062723c751e8b465ee728b)  -> (artifact id: '49c1b083c04a3b1afa130d5a880577c7') in 0.007928 seconds
  Import took 0.013692 seconds .

========================================================================
Received Prepare
Registering precompiled user dll's ...
Registered in 0.000862 seconds.
Begin MonoManager ReloadAssembly
Native extension for OSXStandalone target not found
Refreshing native plugins compatible for Editor in 0.25 ms, found 1 plugins.
Preloading 0 native plugins for Editor in 0.00 ms.
Invoked RoslynAnalysisRunner static constructor.
RoslynAnalysisRunner will not be running.
RoslynAnalysisRunner has terminated.
Mono: successfully reloaded assembly
- Completed reload, in  3.250 seconds
Platform modules already initialized, skipping
Refreshing native plugins compatible for Editor in 0.25 ms, found 1 plugins.
Preloading 0 native plugins for Editor in 0.00 ms.
Unloading 1097 Unused Serialized files (Serialized files now loaded: 0)
System memory in use before: 128.6 MB.
System memory in use after: 128.7 MB.

Unloading 5 unused Assets to reduce memory usage. Loaded Objects now: 1639.
Total: 7.405205 ms (FindLiveObjects: 1.947093 ms CreateObjectMapping: 0.165820 ms MarkObjects: 5.155045 ms  DeleteObjects: 0.134116 ms)

========================================================================
Received Prepare
Registering precompiled user dll's ...
Registered in 0.000935 seconds.
Begin MonoManager ReloadAssembly
Native extension for OSXStandalone target not found
Refreshing native plugins compatible for Editor in 0.29 ms, found 1 plugins.
Preloading 0 native plugins for Editor in 0.00 ms.
Invoked RoslynAnalysisRunner static constructor.
RoslynAnalysisRunner will not be running.
RoslynAnalysisRunner has terminated.
Mono: successfully reloaded assembly
- Completed reload, in  2.324 seconds
Platform modules already initialized, skipping
Refreshing native plugins compatible for Editor in 0.26 ms, found 1 plugins.
Preloading 0 native plugins for Editor in 0.00 ms.
Unloading 1097 Unused Serialized files (Serialized files now loaded: 0)
System memory in use before: 128.0 MB.
System memory in use after: 128.1 MB.

Unloading 5 unused Assets to reduce memory usage. Loaded Objects now: 1641.
Total: 7.624857 ms (FindLiveObjects: 0.968957 ms CreateObjectMapping: 0.182379 ms MarkObjects: 6.266046 ms  DeleteObjects: 0.204009 ms)

========================================================================
Received Import Request.
  Time since last request: 422.988590 seconds.
  path: Assets/Scripts/OpneApiLoader.cs
  artifactKey: Guid(82c5322e23f5b404b817af11cb2855ef) Importer(815301076,1909f56bfc062723c751e8b465ee728b)
Start importing Assets/Scripts/OpneApiLoader.cs using Guid(82c5322e23f5b404b817af11cb2855ef) Importer(815301076,1909f56bfc062723c751e8b465ee728b)  -> (artifact id: '43e07b541a53802d7bd9af41fd0788d9') in 0.020631 seconds
  Import took 0.023811 seconds .

========================================================================
Received Prepare
Registering precompiled user dll's ...
Registered in 0.000807 seconds.
Begin MonoManager ReloadAssembly
Native extension for OSXStandalone target not found
Refreshing native plugins compatible for Editor in 0.26 ms, found 1 plugins.
Preloading 0 native plugins for Editor in 0.00 ms.
Invoked RoslynAnalysisRunner static constructor.
RoslynAnalysisRunner will not be running.
RoslynAnalysisRunner has terminated.
Mono: successfully reloaded assembly
- Completed reload, in  2.162 seconds
Platform modules already initialized, skipping
Refreshing native plugins compatible for Editor in 0.30 ms, found 1 plugins.
Preloading 0 native plugins for Editor in 0.00 ms.
Unloading 1097 Unused Serialized files (Serialized files now loaded: 0)
System memory in use before: 128.3 MB.
System memory in use after: 128.4 MB.

Unloading 5 unused Assets to reduce memory usage. Loaded Objects now: 1643.
Total: 3.741939 ms (FindLiveObjects: 0.637790 ms CreateObjectMapping: 0.070154 ms MarkObjects: 2.937116 ms  DeleteObjects: 0.094751 ms)

========================================================================
Received Import Request.
  Time since last request: 66.160613 seconds.
  path: Assets/Scripts/OpneApiLoader.cs
  artifactKey: Guid(82c5322e23f5b404b817af11cb2855ef) Importer(815301076,1909f56bfc062723c751e8b465ee728b)
Start importing Assets/Scripts/OpneApiLoader.cs using Guid(82c5322e23f5b404b817af11cb2855ef) Importer(815301076,1909f56bfc062723c751e8b465ee728b)  -> (artifact id: 'a604fb8172f0c218f7d1161a29d1a81f') in 0.014928 seconds
  Import took 0.018628 seconds .

========================================================================
Received Import Request.
  Time since last request: 653.853769 seconds.
  path: Assets/Scripts/OpenApiCreaterUI.cs
  artifactKey: Guid(92c4adcc9b1c04d02a21780f2663df36) Importer(815301076,1909f56bfc062723c751e8b465ee728b)
Start importing Assets/Scripts/OpenApiCreaterUI.cs using Guid(92c4adcc9b1c04d02a21780f2663df36) Importer(815301076,1909f56bfc062723c751e8b465ee728b)  -> (artifact id: '285a65b984d6aa88396ea42d604ca2a5') in 0.057300 seconds
  Import took 0.184918 seconds .

========================================================================
Received Prepare
Registering precompiled user dll's ...
Registered in 0.000858 seconds.
Begin MonoManager ReloadAssembly
Native extension for OSXStandalone target not found
Refreshing native plugins compatible for Editor in 0.29 ms, found 1 plugins.
Preloading 0 native plugins for Editor in 0.00 ms.
Invoked RoslynAnalysisRunner static constructor.
RoslynAnalysisRunner will not be running.
RoslynAnalysisRunner has terminated.
Mono: successfully reloaded assembly
- Completed reload, in  2.011 seconds
Platform modules already initialized, skipping
Refreshing native plugins compatible for Editor in 0.56 ms, found 1 plugins.
Preloading 0 native plugins for Editor in 0.00 ms.
Unloading 1098 Unused Serialized files (Serialized files now loaded: 0)
System memory in use before: 128.7 MB.
System memory in use after: 128.8 MB.

Unloading 5 unused Assets to reduce memory usage. Loaded Objects now: 1646.
Total: 4.049524 ms (FindLiveObjects: 1.321718 ms CreateObjectMapping: 0.130544 ms MarkObjects: 2.512265 ms  DeleteObjects: 0.083377 ms)

========================================================================
Received Prepare
Registering precompiled user dll's ...
Registered in 0.001010 seconds.
Begin MonoManager ReloadAssembly
Native extension for OSXStandalone target not found
Refreshing native plugins compatible for Editor in 1.23 ms, found 1 plugins.
Preloading 0 native plugins for Editor in 0.00 ms.
Invoked RoslynAnalysisRunner static constructor.
RoslynAnalysisRunner will not be running.
RoslynAnalysisRunner has terminated.
Mono: successfully reloaded assembly
- Completed reload, in  3.052 seconds
Platform modules already initialized, skipping
Refreshing native plugins compatible for Editor in 0.27 ms, found 1 plugins.
Preloading 0 native plugins for Editor in 0.00 ms.
Unloading 1098 Unused Serialized files (Serialized files now loaded: 0)
System memory in use before: 129.0 MB.
System memory in use after: 129.1 MB.

Unloading 5 unused Assets to reduce memory usage. Loaded Objects now: 1648.
Total: 10.548368 ms (FindLiveObjects: 1.156777 ms CreateObjectMapping: 0.295745 ms MarkObjects: 8.829240 ms  DeleteObjects: 0.263083 ms)

========================================================================
Received Prepare
Registering precompiled user dll's ...
Registered in 0.000885 seconds.
Begin MonoManager ReloadAssembly
Native extension for OSXStandalone target not found
Refreshing native plugins compatible for Editor in 0.27 ms, found 1 plugins.
Preloading 0 native plugins for Editor in 0.00 ms.
Invoked RoslynAnalysisRunner static constructor.
RoslynAnalysisRunner will not be running.
RoslynAnalysisRunner has terminated.
Mono: successfully reloaded assembly
- Completed reload, in  2.558 seconds
Platform modules already initialized, skipping
Refreshing native plugins compatible for Editor in 0.26 ms, found 1 plugins.
Preloading 0 native plugins for Editor in 0.00 ms.
Unloading 1092 Unused Serialized files (Serialized files now loaded: 0)
System memory in use before: 129.2 MB.
System memory in use after: 129.2 MB.

Unloading 11 unused Assets to reduce memory usage. Loaded Objects now: 1644.
Total: 2.922627 ms (FindLiveObjects: 0.439900 ms CreateObjectMapping: 0.114313 ms MarkObjects: 2.232317 ms  DeleteObjects: 0.133482 ms)

========================================================================
Received Prepare
Registering precompiled user dll's ...
Registered in 0.000763 seconds.
Begin MonoManager ReloadAssembly
Native extension for OSXStandalone target not found
Refreshing native plugins compatible for Editor in 3.24 ms, found 1 plugins.
Preloading 0 native plugins for Editor in 0.00 ms.
Invoked RoslynAnalysisRunner static constructor.
RoslynAnalysisRunner will not be running.
RoslynAnalysisRunner has terminated.
Mono: successfully reloaded assembly
- Completed reload, in  7.049 seconds
Platform modules already initialized, skipping
Refreshing native plugins compatible for Editor in 0.26 ms, found 1 plugins.
Preloading 0 native plugins for Editor in 0.00 ms.
Unloading 1094 Unused Serialized files (Serialized files now loaded: 0)
System memory in use before: 129.5 MB.
System memory in use after: 129.6 MB.

Unloading 5 unused Assets to reduce memory usage. Loaded Objects now: 1648.
Total: 10.194121 ms (FindLiveObjects: 0.790053 ms CreateObjectMapping: 0.274795 ms MarkObjects: 8.652078 ms  DeleteObjects: 0.474236 ms)

========================================================================
Received Prepare
Registering precompiled user dll's ...
Registered in 0.000574 seconds.
Begin MonoManager ReloadAssembly
Native extension for OSXStandalone target not found
Refreshing native plugins compatible for Editor in 0.53 ms, found 1 plugins.
Preloading 0 native plugins for Editor in 0.00 ms.
Invoked RoslynAnalysisRunner static constructor.
RoslynAnalysisRunner will not be running.
RoslynAnalysisRunner has terminated.
Mono: successfully reloaded assembly
- Completed reload, in  2.117 seconds
Platform modules already initialized, skipping
Refreshing native plugins compatible for Editor in 0.26 ms, found 1 plugins.
Preloading 0 native plugins for Editor in 0.00 ms.
Unloading 1092 Unused Serialized files (Serialized files now loaded: 0)
System memory in use before: 129.7 MB.
System memory in use after: 129.8 MB.

Unloading 7 unused Assets to reduce memory usage. Loaded Objects now: 1648.
Total: 2.871561 ms (FindLiveObjects: 0.396499 ms CreateObjectMapping: 0.086558 ms MarkObjects: 2.275224 ms  DeleteObjects: 0.111411 ms)

========================================================================
Received Prepare
Registering precompiled user dll's ...
Registered in 0.001597 seconds.
Begin MonoManager ReloadAssembly
Native extension for OSXStandalone target not found
Refreshing native plugins compatible for Editor in 0.86 ms, found 1 plugins.
Preloading 0 native plugins for Editor in 0.00 ms.
Invoked RoslynAnalysisRunner static constructor.
RoslynAnalysisRunner will not be running.
RoslynAnalysisRunner has terminated.
Mono: successfully reloaded assembly
- Completed reload, in  4.207 seconds
Platform modules already initialized, skipping
Refreshing native plugins compatible for Editor in 0.32 ms, found 1 plugins.
Preloading 0 native plugins for Editor in 0.00 ms.
Unloading 1092 Unused Serialized files (Serialized files now loaded: 0)
System memory in use before: 130.0 MB.
System memory in use after: 130.1 MB.

Unloading 5 unused Assets to reduce memory usage. Loaded Objects now: 1650.
Total: 7.874034 ms (FindLiveObjects: 0.401632 ms CreateObjectMapping: 0.093974 ms MarkObjects: 6.728300 ms  DeleteObjects: 0.637603 ms)

========================================================================
Received Prepare
Registering precompiled user dll's ...
Registered in 0.000567 seconds.
Begin MonoManager ReloadAssembly
Native extension for OSXStandalone target not found
Refreshing native plugins compatible for Editor in 0.24 ms, found 1 plugins.
Preloading 0 native plugins for Editor in 0.00 ms.
Invoked RoslynAnalysisRunner static constructor.
RoslynAnalysisRunner will not be running.
RoslynAnalysisRunner has terminated.
Mono: successfully reloaded assembly
- Completed reload, in  2.110 seconds
Platform modules already initialized, skipping
Refreshing native plugins compatible for Editor in 0.27 ms, found 1 plugins.
Preloading 0 native plugins for Editor in 0.00 ms.
Unloading 1098 Unused Serialized files (Serialized files now loaded: 0)
System memory in use before: 129.5 MB.
System memory in use after: 129.5 MB.

Unloading 5 unused Assets to reduce memory usage. Loaded Objects now: 1658.
Total: 3.529432 ms (FindLiveObjects: 0.349147 ms CreateObjectMapping: 0.089084 ms MarkObjects: 3.010688 ms  DeleteObjects: 0.077910 ms)

========================================================================
Received Import Request.
  Time since last request: 921.183527 seconds.
  path: Assets/変換して作ったModel達はここ/Model/Pets.cs
  artifactKey: Guid(9c7d2b7ebf83f41d7940c6eb08e9e04b) Importer(815301076,1909f56bfc062723c751e8b465ee728b)
Start importing Assets/変換して作ったModel達はここ/Model/Pets.cs using Guid(9c7d2b7ebf83f41d7940c6eb08e9e04b) Importer(815301076,1909f56bfc062723c751e8b465ee728b)  -> (artifact id: '6428e26a3f02d531fa6e8ba916f1a4e9') in 0.044277 seconds
  Import took 0.049474 seconds .

========================================================================
Received Import Request.
  Time since last request: 2.792167 seconds.
  path: Assets/変換して作ったModel達はここ/Model/Pet.cs
  artifactKey: Guid(8ce0e3a90033e42878f9527ec4802551) Importer(815301076,1909f56bfc062723c751e8b465ee728b)
Start importing Assets/変換して作ったModel達はここ/Model/Pet.cs using Guid(8ce0e3a90033e42878f9527ec4802551) Importer(815301076,1909f56bfc062723c751e8b465ee728b)  -> (artifact id: '2819d1d2db61f28187b871fe398948c0') in 0.003149 seconds
  Import took 0.007493 seconds .

========================================================================
Received Import Request.
  Time since last request: 0.069845 seconds.
  path: Assets/変換して作ったModel達はここ/Model/Pet.cs
  artifactKey: Guid(8ce0e3a90033e42878f9527ec4802551) Importer(815301076,1909f56bfc062723c751e8b465ee728b)
Start importing Assets/変換して作ったModel達はここ/Model/Pet.cs using Guid(8ce0e3a90033e42878f9527ec4802551) Importer(815301076,1909f56bfc062723c751e8b465ee728b)  -> (artifact id: '2819d1d2db61f28187b871fe398948c0') in 0.003430 seconds
  Import took 0.009699 seconds .

========================================================================
Received Import Request.
  Time since last request: 3.643835 seconds.
  path: Assets/変換して作ったModel達はここ/Model/Error.cs
  artifactKey: Guid(3573dccb6f169497d88c2cddb6d5c24e) Importer(815301076,1909f56bfc062723c751e8b465ee728b)
Start importing Assets/変換して作ったModel達はここ/Model/Error.cs using Guid(3573dccb6f169497d88c2cddb6d5c24e) Importer(815301076,1909f56bfc062723c751e8b465ee728b)  -> (artifact id: '0effe54c4182d52cbe876c48d93b285c') in 0.003456 seconds
  Import took 0.006950 seconds .

========================================================================
Received Import Request.
  Time since last request: 0.001768 seconds.
  path: Assets/変換して作ったModel達はここ/Model/Error.cs
  artifactKey: Guid(3573dccb6f169497d88c2cddb6d5c24e) Importer(815301076,1909f56bfc062723c751e8b465ee728b)
Start importing Assets/変換して作ったModel達はここ/Model/Error.cs using Guid(3573dccb6f169497d88c2cddb6d5c24e) Importer(815301076,1909f56bfc062723c751e8b465ee728b)  -> (artifact id: '0effe54c4182d52cbe876c48d93b285c') in 0.005215 seconds
  Import took 0.010029 seconds .

========================================================================
Received Prepare
Registering precompiled user dll's ...
Registered in 0.000639 seconds.
Begin MonoManager ReloadAssembly
Native extension for OSXStandalone target not found
Refreshing native plugins compatible for Editor in 0.26 ms, found 1 plugins.
Preloading 0 native plugins for Editor in 0.00 ms.
Invoked RoslynAnalysisRunner static constructor.
RoslynAnalysisRunner will not be running.
RoslynAnalysisRunner has terminated.
Mono: successfully reloaded assembly
- Completed reload, in  2.378 seconds
Platform modules already initialized, skipping
Refreshing native plugins compatible for Editor in 0.30 ms, found 1 plugins.
Preloading 0 native plugins for Editor in 0.00 ms.
Unloading 1098 Unused Serialized files (Serialized files now loaded: 0)
System memory in use before: 129.8 MB.
System memory in use after: 129.8 MB.

Unloading 5 unused Assets to reduce memory usage. Loaded Objects now: 1660.
Total: 3.553043 ms (FindLiveObjects: 0.470743 ms CreateObjectMapping: 0.068337 ms MarkObjects: 2.742374 ms  DeleteObjects: 0.269089 ms)

========================================================================
Received Prepare
Registering precompiled user dll's ...
Registered in 0.001524 seconds.
Begin MonoManager ReloadAssembly
Native extension for OSXStandalone target not found
Refreshing native plugins compatible for Editor in 1.69 ms, found 1 plugins.
Preloading 0 native plugins for Editor in 0.00 ms.
Invoked RoslynAnalysisRunner static constructor.
RoslynAnalysisRunner will not be running.
RoslynAnalysisRunner has terminated.
Mono: successfully reloaded assembly
- Completed reload, in  5.781 seconds
Platform modules already initialized, skipping
Refreshing native plugins compatible for Editor in 0.43 ms, found 1 plugins.
Preloading 0 native plugins for Editor in 0.00 ms.
Unloading 1092 Unused Serialized files (Serialized files now loaded: 0)
System memory in use before: 129.9 MB.
System memory in use after: 130.0 MB.

Unloading 11 unused Assets to reduce memory usage. Loaded Objects now: 1656.
Total: 5.729733 ms (FindLiveObjects: 1.384488 ms CreateObjectMapping: 0.355468 ms MarkObjects: 3.871152 ms  DeleteObjects: 0.114915 ms)

========================================================================
Received Prepare
Registering precompiled user dll's ...
Registered in 0.001534 seconds.
Begin MonoManager ReloadAssembly
Native extension for OSXStandalone target not found
Refreshing native plugins compatible for Editor in 0.38 ms, found 1 plugins.
Preloading 0 native plugins for Editor in 0.00 ms.
Invoked RoslynAnalysisRunner static constructor.
RoslynAnalysisRunner will not be running.
RoslynAnalysisRunner has terminated.
Mono: successfully reloaded assembly
- Completed reload, in  3.261 seconds
Platform modules already initialized, skipping
Refreshing native plugins compatible for Editor in 0.25 ms, found 1 plugins.
Preloading 0 native plugins for Editor in 0.00 ms.
Unloading 1092 Unused Serialized files (Serialized files now loaded: 0)
System memory in use before: 130.2 MB.
System memory in use after: 130.3 MB.

Unloading 5 unused Assets to reduce memory usage. Loaded Objects now: 1658.
Total: 5.904097 ms (FindLiveObjects: 0.770337 ms CreateObjectMapping: 0.332858 ms MarkObjects: 4.691053 ms  DeleteObjects: 0.107285 ms)

========================================================================
Received Prepare
Registering precompiled user dll's ...
Registered in 0.001333 seconds.
Begin MonoManager ReloadAssembly
Native extension for OSXStandalone target not found
Refreshing native plugins compatible for Editor in 0.25 ms, found 1 plugins.
Preloading 0 native plugins for Editor in 0.00 ms.
Invoked RoslynAnalysisRunner static constructor.
RoslynAnalysisRunner will not be running.
RoslynAnalysisRunner has terminated.
Mono: successfully reloaded assembly
- Completed reload, in  3.326 seconds
Platform modules already initialized, skipping
Refreshing native plugins compatible for Editor in 0.41 ms, found 1 plugins.
Preloading 0 native plugins for Editor in 0.00 ms.
Unloading 1092 Unused Serialized files (Serialized files now loaded: 0)
System memory in use before: 130.5 MB.
System memory in use after: 130.6 MB.

Unloading 5 unused Assets to reduce memory usage. Loaded Objects now: 1660.
Total: 2.511655 ms (FindLiveObjects: 0.323389 ms CreateObjectMapping: 0.052738 ms MarkObjects: 2.039549 ms  DeleteObjects: 0.092899 ms)

========================================================================
Received Prepare
Registering precompiled user dll's ...
Registered in 0.013879 seconds.
Begin MonoManager ReloadAssembly
Native extension for OSXStandalone target not found
Refreshing native plugins compatible for Editor in 0.45 ms, found 1 plugins.
Preloading 0 native plugins for Editor in 0.00 ms.
Invoked RoslynAnalysisRunner static constructor.
RoslynAnalysisRunner will not be running.
RoslynAnalysisRunner has terminated.
Mono: successfully reloaded assembly
- Completed reload, in  2.280 seconds
Platform modules already initialized, skipping
Refreshing native plugins compatible for Editor in 0.23 ms, found 1 plugins.
Preloading 0 native plugins for Editor in 0.00 ms.
Unloading 1094 Unused Serialized files (Serialized files now loaded: 0)
System memory in use before: 130.9 MB.
System memory in use after: 130.9 MB.

Unloading 5 unused Assets to reduce memory usage. Loaded Objects now: 1664.
Total: 2.561371 ms (FindLiveObjects: 0.389050 ms CreateObjectMapping: 0.056714 ms MarkObjects: 2.011110 ms  DeleteObjects: 0.100677 ms)

========================================================================
Received Import Request.
  Time since last request: 620.693410 seconds.
  path: Assets/変換して作ったModel達はここ/Model/dataSetList.cs
  artifactKey: Guid(356758cbb626e4521b86dfbb446a19b0) Importer(815301076,1909f56bfc062723c751e8b465ee728b)
Start importing Assets/変換して作ったModel達はここ/Model/dataSetList.cs using Guid(356758cbb626e4521b86dfbb446a19b0) Importer(815301076,1909f56bfc062723c751e8b465ee728b)  -> (artifact id: 'c133a903a1e24121fefbc1d203266dae') in 0.038839 seconds
  Import took 0.046494 seconds .

========================================================================
Received Import Request.
  Time since last request: 0.048090 seconds.
  path: Assets/変換して作ったModel達はここ/Model/dataSetList.cs
  artifactKey: Guid(356758cbb626e4521b86dfbb446a19b0) Importer(815301076,1909f56bfc062723c751e8b465ee728b)
Start importing Assets/変換して作ったModel達はここ/Model/dataSetList.cs using Guid(356758cbb626e4521b86dfbb446a19b0) Importer(815301076,1909f56bfc062723c751e8b465ee728b)  -> (artifact id: 'c133a903a1e24121fefbc1d203266dae') in 0.004836 seconds
  Import took 0.009223 seconds .

========================================================================
Received Prepare
Registering precompiled user dll's ...
Registered in 0.000604 seconds.
Begin MonoManager ReloadAssembly
Native extension for OSXStandalone target not found
Refreshing native plugins compatible for Editor in 0.25 ms, found 1 plugins.
Preloading 0 native plugins for Editor in 0.00 ms.
Invoked RoslynAnalysisRunner static constructor.
RoslynAnalysisRunner will not be running.
RoslynAnalysisRunner has terminated.
Mono: successfully reloaded assembly
- Completed reload, in  2.029 seconds
Platform modules already initialized, skipping
Refreshing native plugins compatible for Editor in 0.34 ms, found 1 plugins.
Preloading 0 native plugins for Editor in 0.00 ms.
Unloading 1100 Unused Serialized files (Serialized files now loaded: 0)
System memory in use before: 131.3 MB.
System memory in use after: 131.4 MB.

Unloading 5 unused Assets to reduce memory usage. Loaded Objects now: 1672.
Total: 3.117817 ms (FindLiveObjects: 0.400218 ms CreateObjectMapping: 0.055922 ms MarkObjects: 2.527637 ms  DeleteObjects: 0.131653 ms)

========================================================================
Received Prepare
Refreshing native plugins compatible for Editor in 3.84 ms, found 1 plugins.
Preloading 0 native plugins for Editor in 0.00 ms.
Unloading 3 Unused Serialized files (Serialized files now loaded: 0)
System memory in use before: 109.7 MB.
System memory in use after: 109.8 MB.

Unloading 3 unused Assets to reduce memory usage. Loaded Objects now: 1672.
Total: 34.758164 ms (FindLiveObjects: 2.955142 ms CreateObjectMapping: 0.124097 ms MarkObjects: 31.234465 ms  DeleteObjects: 0.439647 ms)

========================================================================
Received Prepare
Registering precompiled user dll's ...
Registered in 0.000762 seconds.
Begin MonoManager ReloadAssembly
Native extension for OSXStandalone target not found
Refreshing native plugins compatible for Editor in 0.51 ms, found 1 plugins.
Preloading 0 native plugins for Editor in 0.00 ms.
Invoked RoslynAnalysisRunner static constructor.
RoslynAnalysisRunner will not be running.
RoslynAnalysisRunner has terminated.
Mono: successfully reloaded assembly
- Completed reload, in  2.438 seconds
Platform modules already initialized, skipping
Refreshing native plugins compatible for Editor in 0.38 ms, found 1 plugins.
Preloading 0 native plugins for Editor in 0.00 ms.
Unloading 1100 Unused Serialized files (Serialized files now loaded: 0)
System memory in use before: 130.8 MB.
System memory in use after: 130.8 MB.

Unloading 5 unused Assets to reduce memory usage. Loaded Objects now: 1674.
Total: 7.335551 ms (FindLiveObjects: 1.599007 ms CreateObjectMapping: 0.073065 ms MarkObjects: 5.506417 ms  DeleteObjects: 0.152670 ms)

========================================================================
Received Prepare
Registering precompiled user dll's ...
Registered in 0.000586 seconds.
Begin MonoManager ReloadAssembly
Native extension for OSXStandalone target not found
Refreshing native plugins compatible for Editor in 0.25 ms, found 1 plugins.
Preloading 0 native plugins for Editor in 0.00 ms.
Invoked RoslynAnalysisRunner static constructor.
RoslynAnalysisRunner will not be running.
RoslynAnalysisRunner has terminated.
Mono: successfully reloaded assembly
- Completed reload, in  2.327 seconds
Platform modules already initialized, skipping
Refreshing native plugins compatible for Editor in 0.24 ms, found 1 plugins.
Preloading 0 native plugins for Editor in 0.00 ms.
Unloading 1092 Unused Serialized files (Serialized files now loaded: 0)
System memory in use before: 130.9 MB.
System memory in use after: 130.9 MB.

Unloading 13 unused Assets to reduce memory usage. Loaded Objects now: 1668.
Total: 2.745256 ms (FindLiveObjects: 0.415573 ms CreateObjectMapping: 0.056220 ms MarkObjects: 2.173066 ms  DeleteObjects: 0.097415 ms)

========================================================================
Received Prepare
Registering precompiled user dll's ...
Registered in 0.000775 seconds.
Begin MonoManager ReloadAssembly
Native extension for OSXStandalone target not found
Refreshing native plugins compatible for Editor in 0.33 ms, found 1 plugins.
Preloading 0 native plugins for Editor in 0.00 ms.
Invoked RoslynAnalysisRunner static constructor.
RoslynAnalysisRunner will not be running.
RoslynAnalysisRunner has terminated.
Mono: successfully reloaded assembly
- Completed reload, in  2.104 seconds
Platform modules already initialized, skipping
Refreshing native plugins compatible for Editor in 0.44 ms, found 1 plugins.
Preloading 0 native plugins for Editor in 0.00 ms.
Unloading 1098 Unused Serialized files (Serialized files now loaded: 0)
System memory in use before: 131.3 MB.
System memory in use after: 131.3 MB.

Unloading 5 unused Assets to reduce memory usage. Loaded Objects now: 1676.
Total: 3.886045 ms (FindLiveObjects: 0.504715 ms CreateObjectMapping: 0.076537 ms MarkObjects: 3.203435 ms  DeleteObjects: 0.097956 ms)

========================================================================
Received Import Request.
  Time since last request: 744.319574 seconds.
  path: Assets/変換して作ったModel達はここ/Model/pullrequest.cs
  artifactKey: Guid(94eece68997ee42e28aa034bd5ea2795) Importer(815301076,1909f56bfc062723c751e8b465ee728b)
Start importing Assets/変換して作ったModel達はここ/Model/pullrequest.cs using Guid(94eece68997ee42e28aa034bd5ea2795) Importer(815301076,1909f56bfc062723c751e8b465ee728b)  -> (artifact id: 'd1f99c404dfc6552b611d4b8c0db80ea') in 0.032846 seconds
  Import took 0.038879 seconds .

========================================================================
Received Import Request.
  Time since last request: 0.036394 seconds.
  path: Assets/変換して作ったModel達はここ/Model/pullrequest.cs
  artifactKey: Guid(94eece68997ee42e28aa034bd5ea2795) Importer(815301076,1909f56bfc062723c751e8b465ee728b)
Start importing Assets/変換して作ったModel達はここ/Model/pullrequest.cs using Guid(94eece68997ee42e28aa034bd5ea2795) Importer(815301076,1909f56bfc062723c751e8b465ee728b)  -> (artifact id: 'd1f99c404dfc6552b611d4b8c0db80ea') in 0.004059 seconds
  Import took 0.007733 seconds .

========================================================================
Received Prepare
Refreshing native plugins compatible for Editor in 2.13 ms, found 1 plugins.
Preloading 0 native plugins for Editor in 0.00 ms.
Unloading 3 Unused Serialized files (Serialized files now loaded: 0)
System memory in use before: 109.8 MB.
System memory in use after: 109.9 MB.

Unloading 3 unused Assets to reduce memory usage. Loaded Objects now: 1676.
Total: 25.414880 ms (FindLiveObjects: 1.997824 ms CreateObjectMapping: 0.066299 ms MarkObjects: 23.215790 ms  DeleteObjects: 0.132501 ms)

========================================================================
Received Prepare
Registering precompiled user dll's ...
Registered in 0.000626 seconds.
Begin MonoManager ReloadAssembly
Native extension for OSXStandalone target not found
Refreshing native plugins compatible for Editor in 0.30 ms, found 1 plugins.
Preloading 0 native plugins for Editor in 0.00 ms.
Invoked RoslynAnalysisRunner static constructor.
RoslynAnalysisRunner will not be running.
RoslynAnalysisRunner has terminated.
Mono: successfully reloaded assembly
- Completed reload, in  2.213 seconds
Platform modules already initialized, skipping
Refreshing native plugins compatible for Editor in 0.27 ms, found 1 plugins.
Preloading 0 native plugins for Editor in 0.00 ms.
Unloading 1092 Unused Serialized files (Serialized files now loaded: 0)
System memory in use before: 131.6 MB.
System memory in use after: 131.6 MB.

Unloading 11 unused Assets to reduce memory usage. Loaded Objects now: 1672.
Total: 7.240825 ms (FindLiveObjects: 0.736920 ms CreateObjectMapping: 0.067685 ms MarkObjects: 6.266850 ms  DeleteObjects: 0.164134 ms)

========================================================================
Received Import Request.
  Time since last request: 373.540172 seconds.
  path: Assets/Images/icon.psd
  artifactKey: Guid(fed962585246d462dabae8cab83d3f6e) Importer(815301076,1909f56bfc062723c751e8b465ee728b)
Start importing Assets/Images/icon.psd using Guid(fed962585246d462dabae8cab83d3f6e) Importer(815301076,1909f56bfc062723c751e8b465ee728b)  -> (artifact id: '170dfc83129d9703bdb48a42aeba38cf') in 1.506504 seconds
  Import took 1.673476 seconds .

========================================================================
Received Prepare
Refreshing native plugins compatible for Editor in 11.83 ms, found 1 plugins.
Preloading 0 native plugins for Editor in 0.00 ms.
Unloading 3 Unused Serialized files (Serialized files now loaded: 0)
System memory in use before: 115.2 MB.
System memory in use after: 115.3 MB.

Unloading 3 unused Assets to reduce memory usage. Loaded Objects now: 1674.
Total: 99.654788 ms (FindLiveObjects: 3.795957 ms CreateObjectMapping: 0.173383 ms MarkObjects: 94.487371 ms  DeleteObjects: 1.192999 ms)

